\BOOKMARK [1][-]{section.1}{Executive Summary:}{}% 1
\BOOKMARK [1][-]{section.2}{Aim:}{}% 2
\BOOKMARK [1][-]{section.3}{Introduction:}{}% 3
\BOOKMARK [1][-]{section.4}{Procedure:}{}% 4
\BOOKMARK [2][-]{subsection.4.1}{Experiment B}{section.4}% 5
\BOOKMARK [2][-]{subsection.4.2}{Experiment C}{section.4}% 6
\BOOKMARK [2][-]{subsection.4.3}{Experiment D}{section.4}% 7
\BOOKMARK [1][-]{section.5}{Results:}{}% 8
\BOOKMARK [2][-]{subsection.5.1}{Part B}{section.5}% 9
\BOOKMARK [2][-]{subsection.5.2}{Part C}{section.5}% 10
\BOOKMARK [2][-]{subsection.5.3}{Part D}{section.5}% 11
\BOOKMARK [1][-]{section.6}{Discussion/Recommendations:}{}% 12
\BOOKMARK [1][-]{section.7}{Appendices}{}% 13
\BOOKMARK [2][-]{subsection.7.1}{Pre-lab:}{section.7}% 14
\BOOKMARK [3][-]{subsubsection.7.1.1}{Lachlan Nicholson}{subsection.7.1}% 15
\BOOKMARK [3][-]{subsubsection.7.1.2}{Declan Gilmour}{subsection.7.1}% 16
\BOOKMARK [2][-]{subsection.7.2}{Answers:}{section.7}% 17
\BOOKMARK [3][-]{subsubsection.7.2.1}{Part B}{subsection.7.2}% 18
\BOOKMARK [3][-]{subsubsection.7.2.2}{Part C}{subsection.7.2}% 19
\BOOKMARK [3][-]{subsubsection.7.2.3}{Part D}{subsection.7.2}% 20
\BOOKMARK [1][-]{section.8}{CHECKLIST}{}% 21
