This is pdfTeX, Version 3.14159265-2.6-1.40.15 (TeX Live 2014) (preloaded format=pdflatex 2015.5.17)  24 MAY 2015 16:08
entering extended mode
 restricted \write18 enabled.
 %&-line parsing enabled.
**LAB.tex -recorder
(./LAB.tex
LaTeX2e <2014/05/01>
Babel <3.9k> and hyphenation patterns for 78 languages loaded.
(/usr/local/texlive/2014/texmf-dist/tex/latex/base/article.cls
Document Class: article 2007/10/19 v1.4h Standard LaTeX document class
(/usr/local/texlive/2014/texmf-dist/tex/latex/base/size11.clo
File: size11.clo 2007/10/19 v1.4h Standard LaTeX file (size option)
)
\c@part=\count79
\c@section=\count80
\c@subsection=\count81
\c@subsubsection=\count82
\c@paragraph=\count83
\c@subparagraph=\count84
\c@figure=\count85
\c@table=\count86
\abovecaptionskip=\skip41
\belowcaptionskip=\skip42
\bibindent=\dimen102
)
(/usr/local/texlive/2014/texmf-dist/tex/latex/amsmath/amsmath.sty
Package: amsmath 2013/01/14 v2.14 AMS math features
\@mathmargin=\skip43

For additional information on amsmath, use the `?' option.
(/usr/local/texlive/2014/texmf-dist/tex/latex/amsmath/amstext.sty
Package: amstext 2000/06/29 v2.01

(/usr/local/texlive/2014/texmf-dist/tex/latex/amsmath/amsgen.sty
File: amsgen.sty 1999/11/30 v2.0
\@emptytoks=\toks14
\ex@=\dimen103
))
(/usr/local/texlive/2014/texmf-dist/tex/latex/amsmath/amsbsy.sty
Package: amsbsy 1999/11/29 v1.2d
\pmbraise@=\dimen104
)
(/usr/local/texlive/2014/texmf-dist/tex/latex/amsmath/amsopn.sty
Package: amsopn 1999/12/14 v2.01 operator names
)
\inf@bad=\count87
LaTeX Info: Redefining \frac on input line 210.
\uproot@=\count88
\leftroot@=\count89
LaTeX Info: Redefining \overline on input line 306.
\classnum@=\count90
\DOTSCASE@=\count91
LaTeX Info: Redefining \ldots on input line 378.
LaTeX Info: Redefining \dots on input line 381.
LaTeX Info: Redefining \cdots on input line 466.
\Mathstrutbox@=\box26
\strutbox@=\box27
\big@size=\dimen105
LaTeX Font Info:    Redeclaring font encoding OML on input line 566.
LaTeX Font Info:    Redeclaring font encoding OMS on input line 567.
\macc@depth=\count92
\c@MaxMatrixCols=\count93
\dotsspace@=\muskip10
\c@parentequation=\count94
\dspbrk@lvl=\count95
\tag@help=\toks15
\row@=\count96
\column@=\count97
\maxfields@=\count98
\andhelp@=\toks16
\eqnshift@=\dimen106
\alignsep@=\dimen107
\tagshift@=\dimen108
\tagwidth@=\dimen109
\totwidth@=\dimen110
\lineht@=\dimen111
\@envbody=\toks17
\multlinegap=\skip44
\multlinetaggap=\skip45
\mathdisplay@stack=\toks18
LaTeX Info: Redefining \[ on input line 2665.
LaTeX Info: Redefining \] on input line 2666.
)
(/usr/local/texlive/2014/texmf-dist/tex/latex/amsfonts/amssymb.sty
Package: amssymb 2013/01/14 v3.01 AMS font symbols

(/usr/local/texlive/2014/texmf-dist/tex/latex/amsfonts/amsfonts.sty
Package: amsfonts 2013/01/14 v3.01 Basic AMSFonts support
\symAMSa=\mathgroup4
\symAMSb=\mathgroup5
LaTeX Font Info:    Overwriting math alphabet `\mathfrak' in version `bold'
(Font)                  U/euf/m/n --> U/euf/b/n on input line 106.
))
(/usr/local/texlive/2014/texmf-dist/tex/latex/todonotes/todonotes.sty
Package: todonotes 2012/07/25 .dtx Todonotes source and documentation.
Package: todonotes 2012/07/25

(/usr/local/texlive/2014/texmf-dist/tex/latex/base/ifthen.sty
Package: ifthen 2001/05/26 v1.1c Standard LaTeX ifthen package (DPC)
)
(/usr/local/texlive/2014/texmf-dist/tex/latex/xkeyval/xkeyval.sty
Package: xkeyval 2014/05/09 v2.6d package option processing (HA)

(/usr/local/texlive/2014/texmf-dist/tex/generic/xkeyval/xkeyval.tex
\XKV@toks=\toks19
\XKV@tempa@toks=\toks20
\XKV@depth=\count99
File: xkeyval.tex 2014/05/09 v2.6d key=value parser (HA)

(/usr/local/texlive/2014/texmf-dist/tex/generic/xkeyval/keyval.tex)))
(/usr/local/texlive/2014/texmf-dist/tex/latex/xcolor/xcolor.sty
Package: xcolor 2007/01/21 v2.11 LaTeX color extensions (UK)

(/usr/local/texlive/2014/texmf-dist/tex/latex/latexconfig/color.cfg
File: color.cfg 2007/01/18 v1.5 color configuration of teTeX/TeXLive
)
Package xcolor Info: Driver file: pdftex.def on input line 225.

(/usr/local/texlive/2014/texmf-dist/tex/latex/pdftex-def/pdftex.def
File: pdftex.def 2011/05/27 v0.06d Graphics/color for pdfTeX

(/usr/local/texlive/2014/texmf-dist/tex/generic/oberdiek/infwarerr.sty
Package: infwarerr 2010/04/08 v1.3 Providing info/warning/error messages (HO)
)
(/usr/local/texlive/2014/texmf-dist/tex/generic/oberdiek/ltxcmds.sty
Package: ltxcmds 2011/11/09 v1.22 LaTeX kernel commands for general use (HO)
)
\Gread@gobject=\count100
)
Package xcolor Info: Model `cmy' substituted by `cmy0' on input line 1337.
Package xcolor Info: Model `hsb' substituted by `rgb' on input line 1341.
Package xcolor Info: Model `RGB' extended on input line 1353.
Package xcolor Info: Model `HTML' substituted by `rgb' on input line 1355.
Package xcolor Info: Model `Hsb' substituted by `hsb' on input line 1356.
Package xcolor Info: Model `tHsb' substituted by `hsb' on input line 1357.
Package xcolor Info: Model `HSB' substituted by `hsb' on input line 1358.
Package xcolor Info: Model `Gray' substituted by `gray' on input line 1359.
Package xcolor Info: Model `wave' substituted by `hsb' on input line 1360.
)
(/usr/local/texlive/2014/texmf-dist/tex/latex/pgf/frontendlayer/tikz.sty
(/usr/local/texlive/2014/texmf-dist/tex/latex/pgf/basiclayer/pgf.sty
(/usr/local/texlive/2014/texmf-dist/tex/latex/pgf/utilities/pgfrcs.sty
(/usr/local/texlive/2014/texmf-dist/tex/generic/pgf/utilities/pgfutil-common.te
x
\pgfutil@everybye=\toks21
\pgfutil@tempdima=\dimen112
\pgfutil@tempdimb=\dimen113

(/usr/local/texlive/2014/texmf-dist/tex/generic/pgf/utilities/pgfutil-common-li
sts.tex))
(/usr/local/texlive/2014/texmf-dist/tex/generic/pgf/utilities/pgfutil-latex.def
\pgfutil@abb=\box28
(/usr/local/texlive/2014/texmf-dist/tex/latex/ms/everyshi.sty
Package: everyshi 2001/05/15 v3.00 EveryShipout Package (MS)
))
(/usr/local/texlive/2014/texmf-dist/tex/generic/pgf/utilities/pgfrcs.code.tex
Package: pgfrcs 2013/12/20 v3.0.0 (rcs-revision 1.28)
))
Package: pgf 2013/12/18 v3.0.0 (rcs-revision 1.14)
(/usr/local/texlive/2014/texmf-dist/tex/latex/pgf/basiclayer/pgfcore.sty
(/usr/local/texlive/2014/texmf-dist/tex/latex/graphics/graphicx.sty
Package: graphicx 2014/04/25 v1.0g Enhanced LaTeX Graphics (DPC,SPQR)

(/usr/local/texlive/2014/texmf-dist/tex/latex/graphics/graphics.sty
Package: graphics 2009/02/05 v1.0o Standard LaTeX Graphics (DPC,SPQR)

(/usr/local/texlive/2014/texmf-dist/tex/latex/graphics/trig.sty
Package: trig 1999/03/16 v1.09 sin cos tan (DPC)
)
(/usr/local/texlive/2014/texmf-dist/tex/latex/latexconfig/graphics.cfg
File: graphics.cfg 2010/04/23 v1.9 graphics configuration of TeX Live
)
Package graphics Info: Driver file: pdftex.def on input line 91.
)
\Gin@req@height=\dimen114
\Gin@req@width=\dimen115
)
(/usr/local/texlive/2014/texmf-dist/tex/latex/pgf/systemlayer/pgfsys.sty
(/usr/local/texlive/2014/texmf-dist/tex/generic/pgf/systemlayer/pgfsys.code.tex
Package: pgfsys 2013/11/30 v3.0.0 (rcs-revision 1.47)
(/usr/local/texlive/2014/texmf-dist/tex/generic/pgf/utilities/pgfkeys.code.tex
\pgfkeys@pathtoks=\toks22
\pgfkeys@temptoks=\toks23

(/usr/local/texlive/2014/texmf-dist/tex/generic/pgf/utilities/pgfkeysfiltered.c
ode.tex
\pgfkeys@tmptoks=\toks24
))
\pgf@x=\dimen116
\pgf@y=\dimen117
\pgf@xa=\dimen118
\pgf@ya=\dimen119
\pgf@xb=\dimen120
\pgf@yb=\dimen121
\pgf@xc=\dimen122
\pgf@yc=\dimen123
\w@pgf@writea=\write3
\r@pgf@reada=\read1
\c@pgf@counta=\count101
\c@pgf@countb=\count102
\c@pgf@countc=\count103
\c@pgf@countd=\count104
\t@pgf@toka=\toks25
\t@pgf@tokb=\toks26
\t@pgf@tokc=\toks27

(/usr/local/texlive/2014/texmf-dist/tex/generic/pgf/systemlayer/pgf.cfg
File: pgf.cfg 2008/05/14  (rcs-revision 1.7)
)
Driver file for pgf: pgfsys-pdftex.def

(/usr/local/texlive/2014/texmf-dist/tex/generic/pgf/systemlayer/pgfsys-pdftex.d
ef
File: pgfsys-pdftex.def 2013/07/18  (rcs-revision 1.33)

(/usr/local/texlive/2014/texmf-dist/tex/generic/pgf/systemlayer/pgfsys-common-p
df.def
File: pgfsys-common-pdf.def 2013/10/10  (rcs-revision 1.13)
)))
(/usr/local/texlive/2014/texmf-dist/tex/generic/pgf/systemlayer/pgfsyssoftpath.
code.tex
File: pgfsyssoftpath.code.tex 2013/09/09  (rcs-revision 1.9)
\pgfsyssoftpath@smallbuffer@items=\count105
\pgfsyssoftpath@bigbuffer@items=\count106
)
(/usr/local/texlive/2014/texmf-dist/tex/generic/pgf/systemlayer/pgfsysprotocol.
code.tex
File: pgfsysprotocol.code.tex 2006/10/16  (rcs-revision 1.4)
))
(/usr/local/texlive/2014/texmf-dist/tex/generic/pgf/basiclayer/pgfcore.code.tex
Package: pgfcore 2010/04/11 v3.0.0 (rcs-revision 1.7)
(/usr/local/texlive/2014/texmf-dist/tex/generic/pgf/math/pgfmath.code.tex
(/usr/local/texlive/2014/texmf-dist/tex/generic/pgf/math/pgfmathcalc.code.tex
(/usr/local/texlive/2014/texmf-dist/tex/generic/pgf/math/pgfmathutil.code.tex)
(/usr/local/texlive/2014/texmf-dist/tex/generic/pgf/math/pgfmathparser.code.tex
\pgfmath@dimen=\dimen124
\pgfmath@count=\count107
\pgfmath@box=\box29
\pgfmath@toks=\toks28
\pgfmath@stack@operand=\toks29
\pgfmath@stack@operation=\toks30
)
(/usr/local/texlive/2014/texmf-dist/tex/generic/pgf/math/pgfmathfunctions.code.
tex
(/usr/local/texlive/2014/texmf-dist/tex/generic/pgf/math/pgfmathfunctions.basic
.code.tex)
(/usr/local/texlive/2014/texmf-dist/tex/generic/pgf/math/pgfmathfunctions.trigo
nometric.code.tex)
(/usr/local/texlive/2014/texmf-dist/tex/generic/pgf/math/pgfmathfunctions.rando
m.code.tex)
(/usr/local/texlive/2014/texmf-dist/tex/generic/pgf/math/pgfmathfunctions.compa
rison.code.tex)
(/usr/local/texlive/2014/texmf-dist/tex/generic/pgf/math/pgfmathfunctions.base.
code.tex)
(/usr/local/texlive/2014/texmf-dist/tex/generic/pgf/math/pgfmathfunctions.round
.code.tex)
(/usr/local/texlive/2014/texmf-dist/tex/generic/pgf/math/pgfmathfunctions.misc.
code.tex)
(/usr/local/texlive/2014/texmf-dist/tex/generic/pgf/math/pgfmathfunctions.integ
erarithmetics.code.tex)))
(/usr/local/texlive/2014/texmf-dist/tex/generic/pgf/math/pgfmathfloat.code.tex
\c@pgfmathroundto@lastzeros=\count108
))
(/usr/local/texlive/2014/texmf-dist/tex/generic/pgf/basiclayer/pgfcorepoints.co
de.tex
File: pgfcorepoints.code.tex 2013/10/07  (rcs-revision 1.27)
\pgf@picminx=\dimen125
\pgf@picmaxx=\dimen126
\pgf@picminy=\dimen127
\pgf@picmaxy=\dimen128
\pgf@pathminx=\dimen129
\pgf@pathmaxx=\dimen130
\pgf@pathminy=\dimen131
\pgf@pathmaxy=\dimen132
\pgf@xx=\dimen133
\pgf@xy=\dimen134
\pgf@yx=\dimen135
\pgf@yy=\dimen136
\pgf@zx=\dimen137
\pgf@zy=\dimen138
)
(/usr/local/texlive/2014/texmf-dist/tex/generic/pgf/basiclayer/pgfcorepathconst
ruct.code.tex
File: pgfcorepathconstruct.code.tex 2013/10/07  (rcs-revision 1.29)
\pgf@path@lastx=\dimen139
\pgf@path@lasty=\dimen140
)
(/usr/local/texlive/2014/texmf-dist/tex/generic/pgf/basiclayer/pgfcorepathusage
.code.tex
File: pgfcorepathusage.code.tex 2013/12/13  (rcs-revision 1.23)
\pgf@shorten@end@additional=\dimen141
\pgf@shorten@start@additional=\dimen142
)
(/usr/local/texlive/2014/texmf-dist/tex/generic/pgf/basiclayer/pgfcorescopes.co
de.tex
File: pgfcorescopes.code.tex 2013/10/09  (rcs-revision 1.44)
\pgfpic=\box30
\pgf@hbox=\box31
\pgf@layerbox@main=\box32
\pgf@picture@serial@count=\count109
)
(/usr/local/texlive/2014/texmf-dist/tex/generic/pgf/basiclayer/pgfcoregraphicst
ate.code.tex
File: pgfcoregraphicstate.code.tex 2013/09/19  (rcs-revision 1.11)
\pgflinewidth=\dimen143
)
(/usr/local/texlive/2014/texmf-dist/tex/generic/pgf/basiclayer/pgfcoretransform
ations.code.tex
File: pgfcoretransformations.code.tex 2013/10/10  (rcs-revision 1.17)
\pgf@pt@x=\dimen144
\pgf@pt@y=\dimen145
\pgf@pt@temp=\dimen146
)
(/usr/local/texlive/2014/texmf-dist/tex/generic/pgf/basiclayer/pgfcorequick.cod
e.tex
File: pgfcorequick.code.tex 2008/10/09  (rcs-revision 1.3)
)
(/usr/local/texlive/2014/texmf-dist/tex/generic/pgf/basiclayer/pgfcoreobjects.c
ode.tex
File: pgfcoreobjects.code.tex 2006/10/11  (rcs-revision 1.2)
)
(/usr/local/texlive/2014/texmf-dist/tex/generic/pgf/basiclayer/pgfcorepathproce
ssing.code.tex
File: pgfcorepathprocessing.code.tex 2013/09/09  (rcs-revision 1.9)
)
(/usr/local/texlive/2014/texmf-dist/tex/generic/pgf/basiclayer/pgfcorearrows.co
de.tex
File: pgfcorearrows.code.tex 2013/11/07  (rcs-revision 1.40)
\pgfarrowsep=\dimen147
)
(/usr/local/texlive/2014/texmf-dist/tex/generic/pgf/basiclayer/pgfcoreshade.cod
e.tex
File: pgfcoreshade.code.tex 2013/07/15  (rcs-revision 1.15)
\pgf@max=\dimen148
\pgf@sys@shading@range@num=\count110
)
(/usr/local/texlive/2014/texmf-dist/tex/generic/pgf/basiclayer/pgfcoreimage.cod
e.tex
File: pgfcoreimage.code.tex 2013/07/15  (rcs-revision 1.18)

(/usr/local/texlive/2014/texmf-dist/tex/generic/pgf/basiclayer/pgfcoreexternal.
code.tex
File: pgfcoreexternal.code.tex 2013/07/15  (rcs-revision 1.20)
\pgfexternal@startupbox=\box33
))
(/usr/local/texlive/2014/texmf-dist/tex/generic/pgf/basiclayer/pgfcorelayers.co
de.tex
File: pgfcorelayers.code.tex 2013/07/18  (rcs-revision 1.7)
)
(/usr/local/texlive/2014/texmf-dist/tex/generic/pgf/basiclayer/pgfcoretranspare
ncy.code.tex
File: pgfcoretransparency.code.tex 2013/09/30  (rcs-revision 1.5)
)
(/usr/local/texlive/2014/texmf-dist/tex/generic/pgf/basiclayer/pgfcorepatterns.
code.tex
File: pgfcorepatterns.code.tex 2013/11/07  (rcs-revision 1.5)
)))
(/usr/local/texlive/2014/texmf-dist/tex/generic/pgf/modules/pgfmoduleshapes.cod
e.tex
File: pgfmoduleshapes.code.tex 2013/10/31  (rcs-revision 1.34)
\pgfnodeparttextbox=\box34
)
(/usr/local/texlive/2014/texmf-dist/tex/generic/pgf/modules/pgfmoduleplot.code.
tex
File: pgfmoduleplot.code.tex 2013/07/31  (rcs-revision 1.12)
)
(/usr/local/texlive/2014/texmf-dist/tex/latex/pgf/compatibility/pgfcomp-version
-0-65.sty
Package: pgfcomp-version-0-65 2007/07/03 v3.0.0 (rcs-revision 1.7)
\pgf@nodesepstart=\dimen149
\pgf@nodesepend=\dimen150
)
(/usr/local/texlive/2014/texmf-dist/tex/latex/pgf/compatibility/pgfcomp-version
-1-18.sty
Package: pgfcomp-version-1-18 2007/07/23 v3.0.0 (rcs-revision 1.1)
))
(/usr/local/texlive/2014/texmf-dist/tex/latex/pgf/utilities/pgffor.sty
(/usr/local/texlive/2014/texmf-dist/tex/latex/pgf/utilities/pgfkeys.sty
(/usr/local/texlive/2014/texmf-dist/tex/generic/pgf/utilities/pgfkeys.code.tex)
) (/usr/local/texlive/2014/texmf-dist/tex/latex/pgf/math/pgfmath.sty
(/usr/local/texlive/2014/texmf-dist/tex/generic/pgf/math/pgfmath.code.tex))
(/usr/local/texlive/2014/texmf-dist/tex/generic/pgf/utilities/pgffor.code.tex
Package: pgffor 2013/12/13 v3.0.0 (rcs-revision 1.25)

(/usr/local/texlive/2014/texmf-dist/tex/generic/pgf/math/pgfmath.code.tex)
\pgffor@iter=\dimen151
\pgffor@skip=\dimen152
\pgffor@stack=\toks31
\pgffor@toks=\toks32
))
(/usr/local/texlive/2014/texmf-dist/tex/generic/pgf/frontendlayer/tikz/tikz.cod
e.tex
Package: tikz 2013/12/13 v3.0.0 (rcs-revision 1.142)

(/usr/local/texlive/2014/texmf-dist/tex/generic/pgf/libraries/pgflibraryplothan
dlers.code.tex
File: pgflibraryplothandlers.code.tex 2013/08/31 v3.0.0 (rcs-revision 1.20)
\pgf@plot@mark@count=\count111
\pgfplotmarksize=\dimen153
)
\tikz@lastx=\dimen154
\tikz@lasty=\dimen155
\tikz@lastxsaved=\dimen156
\tikz@lastysaved=\dimen157
\tikzleveldistance=\dimen158
\tikzsiblingdistance=\dimen159
\tikz@figbox=\box35
\tikz@figbox@bg=\box36
\tikz@tempbox=\box37
\tikz@tempbox@bg=\box38
\tikztreelevel=\count112
\tikznumberofchildren=\count113
\tikznumberofcurrentchild=\count114
\tikz@fig@count=\count115

(/usr/local/texlive/2014/texmf-dist/tex/generic/pgf/modules/pgfmodulematrix.cod
e.tex
File: pgfmodulematrix.code.tex 2013/09/17  (rcs-revision 1.8)
\pgfmatrixcurrentrow=\count116
\pgfmatrixcurrentcolumn=\count117
\pgf@matrix@numberofcolumns=\count118
)
\tikz@expandcount=\count119

(/usr/local/texlive/2014/texmf-dist/tex/generic/pgf/frontendlayer/tikz/librarie
s/tikzlibrarytopaths.code.tex
File: tikzlibrarytopaths.code.tex 2008/06/17 v3.0.0 (rcs-revision 1.2)
)))
(/usr/local/texlive/2014/texmf-dist/tex/generic/pgf/frontendlayer/tikz/librarie
s/tikzlibrarypositioning.code.tex
File: tikzlibrarypositioning.code.tex 2008/10/06 v3.0.0 (rcs-revision 1.7)
)
(/usr/local/texlive/2014/texmf-dist/tex/latex/tools/calc.sty
Package: calc 2007/08/22 v4.3 Infix arithmetic (KKT,FJ)
\calc@Acount=\count120
\calc@Bcount=\count121
\calc@Adimen=\dimen160
\calc@Bdimen=\dimen161
\calc@Askip=\skip46
\calc@Bskip=\skip47
LaTeX Info: Redefining \setlength on input line 75.
LaTeX Info: Redefining \addtolength on input line 76.
\calc@Ccount=\count122
\calc@Cskip=\skip48
)
\c@@todonotes@numberoftodonotes=\count123
)
(/usr/local/texlive/2014/texmf-dist/tex/latex/geometry/geometry.sty
Package: geometry 2010/09/12 v5.6 Page Geometry

(/usr/local/texlive/2014/texmf-dist/tex/generic/oberdiek/ifpdf.sty
Package: ifpdf 2011/01/30 v2.3 Provides the ifpdf switch (HO)
Package ifpdf Info: pdfTeX in PDF mode is detected.
)
(/usr/local/texlive/2014/texmf-dist/tex/generic/oberdiek/ifvtex.sty
Package: ifvtex 2010/03/01 v1.5 Detect VTeX and its facilities (HO)
Package ifvtex Info: VTeX not detected.
)
(/usr/local/texlive/2014/texmf-dist/tex/generic/ifxetex/ifxetex.sty
Package: ifxetex 2010/09/12 v0.6 Provides ifxetex conditional
)
\Gm@cnth=\count124
\Gm@cntv=\count125
\c@Gm@tempcnt=\count126
\Gm@bindingoffset=\dimen162
\Gm@wd@mp=\dimen163
\Gm@odd@mp=\dimen164
\Gm@even@mp=\dimen165
\Gm@layoutwidth=\dimen166
\Gm@layoutheight=\dimen167
\Gm@layouthoffset=\dimen168
\Gm@layoutvoffset=\dimen169
\Gm@dimlist=\toks33
)
(/usr/local/texlive/2014/texmf-dist/tex/latex/oberdiek/epstopdf.sty
Package: epstopdf 2010/02/09 v2.5 Conversion with epstopdf on the fly (HO)

(/usr/local/texlive/2014/texmf-dist/tex/latex/oberdiek/epstopdf-base.sty
Package: epstopdf-base 2010/02/09 v2.5 Base part for package epstopdf

(/usr/local/texlive/2014/texmf-dist/tex/latex/oberdiek/grfext.sty
Package: grfext 2010/08/19 v1.1 Manage graphics extensions (HO)

(/usr/local/texlive/2014/texmf-dist/tex/generic/oberdiek/kvdefinekeys.sty
Package: kvdefinekeys 2011/04/07 v1.3 Define keys (HO)
))
(/usr/local/texlive/2014/texmf-dist/tex/latex/oberdiek/kvoptions.sty
Package: kvoptions 2011/06/30 v3.11 Key value format for package options (HO)

(/usr/local/texlive/2014/texmf-dist/tex/generic/oberdiek/kvsetkeys.sty
Package: kvsetkeys 2012/04/25 v1.16 Key value parser (HO)

(/usr/local/texlive/2014/texmf-dist/tex/generic/oberdiek/etexcmds.sty
Package: etexcmds 2011/02/16 v1.5 Avoid name clashes with e-TeX commands (HO)

(/usr/local/texlive/2014/texmf-dist/tex/generic/oberdiek/ifluatex.sty
Package: ifluatex 2010/03/01 v1.3 Provides the ifluatex switch (HO)
Package ifluatex Info: LuaTeX not detected.
)
Package etexcmds Info: Could not find \expanded.
(etexcmds)             That can mean that you are not using pdfTeX 1.50 or
(etexcmds)             that some package has redefined \expanded.
(etexcmds)             In the latter case, load this package earlier.
)))
(/usr/local/texlive/2014/texmf-dist/tex/generic/oberdiek/pdftexcmds.sty
Package: pdftexcmds 2011/11/29 v0.20 Utility functions of pdfTeX for LuaTeX (HO
)
Package pdftexcmds Info: LuaTeX not detected.
Package pdftexcmds Info: \pdf@primitive is available.
Package pdftexcmds Info: \pdf@ifprimitive is available.
Package pdftexcmds Info: \pdfdraftmode found.
)
Package grfext Info: Graphics extension search list:
(grfext)             [.png,.pdf,.jpg,.mps,.jpeg,.jbig2,.jb2,.PNG,.PDF,.JPG,.JPE
G,.JBIG2,.JB2,.eps]
(grfext)             \AppendGraphicsExtensions on input line 452.

(/usr/local/texlive/2014/texmf-dist/tex/latex/latexconfig/epstopdf-sys.cfg
File: epstopdf-sys.cfg 2010/07/13 v1.3 Configuration of (r)epstopdf for TeX Liv
e
)))
(/usr/local/texlive/2014/texmf-dist/tex/latex/float/float.sty
Package: float 2001/11/08 v1.3d Float enhancements (AL)
\c@float@type=\count127
\float@exts=\toks34
\float@box=\box39
\@float@everytoks=\toks35
\@floatcapt=\box40
)
(/usr/local/texlive/2014/texmf-dist/tex/latex/caption/caption.sty
Package: caption 2013/05/02 v3.3-89 Customizing captions (AR)

(/usr/local/texlive/2014/texmf-dist/tex/latex/caption/caption3.sty
Package: caption3 2013/05/02 v1.6-88 caption3 kernel (AR)
Package caption3 Info: TeX engine: e-TeX on input line 57.
\captionmargin=\dimen170
\captionmargin@=\dimen171
\captionwidth=\dimen172
\caption@tempdima=\dimen173
\caption@indent=\dimen174
\caption@parindent=\dimen175
\caption@hangindent=\dimen176
)
\c@ContinuedFloat=\count128
Package caption Info: float package is loaded.
)
(/usr/local/texlive/2014/texmf-dist/tex/latex/caption/subcaption.sty
Package: subcaption 2013/02/03 v1.1-62 Sub-captions (AR)
\c@subfigure=\count129
\c@subtable=\count130
)
(/usr/local/texlive/2014/texmf-dist/tex/latex/base/latexsym.sty
Package: latexsym 1998/08/17 v2.2e Standard LaTeX package (lasy symbols)
\symlasy=\mathgroup6
LaTeX Font Info:    Overwriting symbol font `lasy' in version `bold'
(Font)                  U/lasy/m/n --> U/lasy/b/n on input line 47.
)
(/usr/local/texlive/2014/texmf-dist/tex/latex/microtype/microtype.sty
Package: microtype 2013/05/23 v2.5a Micro-typographical refinements (RS)
\MT@toks=\toks36
\MT@count=\count131
LaTeX Info: Redefining \textls on input line 766.
\MT@outer@kern=\dimen177
LaTeX Info: Redefining \textmicrotypecontext on input line 1285.
\MT@listname@count=\count132

(/usr/local/texlive/2014/texmf-dist/tex/latex/microtype/microtype-pdftex.def
File: microtype-pdftex.def 2013/05/23 v2.5a Definitions specific to pdftex (RS)

LaTeX Info: Redefining \lsstyle on input line 915.
LaTeX Info: Redefining \lslig on input line 915.
\MT@outer@space=\skip49
)
Package microtype Info: Loading configuration file microtype.cfg.

(/usr/local/texlive/2014/texmf-dist/tex/latex/microtype/microtype.cfg
File: microtype.cfg 2013/05/23 v2.5a microtype main configuration file (RS)
))
(/usr/local/texlive/2014/texmf-dist/tex/latex/hyperref/hyperref.sty
Package: hyperref 2012/11/06 v6.83m Hypertext links for LaTeX

(/usr/local/texlive/2014/texmf-dist/tex/generic/oberdiek/hobsub-hyperref.sty
Package: hobsub-hyperref 2012/05/28 v1.13 Bundle oberdiek, subset hyperref (HO)


(/usr/local/texlive/2014/texmf-dist/tex/generic/oberdiek/hobsub-generic.sty
Package: hobsub-generic 2012/05/28 v1.13 Bundle oberdiek, subset generic (HO)
Package: hobsub 2012/05/28 v1.13 Construct package bundles (HO)
Package hobsub Info: Skipping package `infwarerr' (already loaded).
Package hobsub Info: Skipping package `ltxcmds' (already loaded).
Package hobsub Info: Skipping package `ifluatex' (already loaded).
Package hobsub Info: Skipping package `ifvtex' (already loaded).
Package: intcalc 2007/09/27 v1.1 Expandable calculations with integers (HO)
Package hobsub Info: Skipping package `ifpdf' (already loaded).
Package hobsub Info: Skipping package `etexcmds' (already loaded).
Package hobsub Info: Skipping package `kvsetkeys' (already loaded).
Package hobsub Info: Skipping package `kvdefinekeys' (already loaded).
Package hobsub Info: Skipping package `pdftexcmds' (already loaded).
Package: pdfescape 2011/11/25 v1.13 Implements pdfTeX's escape features (HO)
Package: bigintcalc 2012/04/08 v1.3 Expandable calculations on big integers (HO
)
Package: bitset 2011/01/30 v1.1 Handle bit-vector datatype (HO)
Package: uniquecounter 2011/01/30 v1.2 Provide unlimited unique counter (HO)
)
Package hobsub Info: Skipping package `hobsub' (already loaded).
Package: letltxmacro 2010/09/02 v1.4 Let assignment for LaTeX macros (HO)
Package: hopatch 2012/05/28 v1.2 Wrapper for package hooks (HO)
Package: xcolor-patch 2011/01/30 xcolor patch
Package: atveryend 2011/06/30 v1.8 Hooks at the very end of document (HO)
Package atveryend Info: \enddocument detected (standard20110627).
Package: atbegshi 2011/10/05 v1.16 At begin shipout hook (HO)
Package: refcount 2011/10/16 v3.4 Data extraction from label references (HO)
Package: hycolor 2011/01/30 v1.7 Color options for hyperref/bookmark (HO)
)
(/usr/local/texlive/2014/texmf-dist/tex/latex/oberdiek/auxhook.sty
Package: auxhook 2011/03/04 v1.3 Hooks for auxiliary files (HO)
)
\@linkdim=\dimen178
\Hy@linkcounter=\count133
\Hy@pagecounter=\count134

(/usr/local/texlive/2014/texmf-dist/tex/latex/hyperref/pd1enc.def
File: pd1enc.def 2012/11/06 v6.83m Hyperref: PDFDocEncoding definition (HO)
)
\Hy@SavedSpaceFactor=\count135

(/usr/local/texlive/2014/texmf-dist/tex/latex/latexconfig/hyperref.cfg
File: hyperref.cfg 2002/06/06 v1.2 hyperref configuration of TeXLive
)
Package hyperref Info: Option `colorlinks' set `true' on input line 4319.
Package hyperref Info: Hyper figures OFF on input line 4443.
Package hyperref Info: Link nesting OFF on input line 4448.
Package hyperref Info: Hyper index ON on input line 4451.
Package hyperref Info: Plain pages OFF on input line 4458.
Package hyperref Info: Backreferencing OFF on input line 4463.
Package hyperref Info: Implicit mode ON; LaTeX internals redefined.
Package hyperref Info: Bookmarks ON on input line 4688.
\c@Hy@tempcnt=\count136

(/usr/local/texlive/2014/texmf-dist/tex/latex/url/url.sty
\Urlmuskip=\muskip11
Package: url 2013/09/16  ver 3.4  Verb mode for urls, etc.
)
LaTeX Info: Redefining \url on input line 5041.
\XeTeXLinkMargin=\dimen179
\Fld@menulength=\count137
\Field@Width=\dimen180
\Fld@charsize=\dimen181
Package hyperref Info: Hyper figures OFF on input line 6295.
Package hyperref Info: Link nesting OFF on input line 6300.
Package hyperref Info: Hyper index ON on input line 6303.
Package hyperref Info: backreferencing OFF on input line 6310.
Package hyperref Info: Link coloring ON on input line 6313.
Package hyperref Info: Link coloring with OCG OFF on input line 6320.
Package hyperref Info: PDF/A mode OFF on input line 6325.
LaTeX Info: Redefining \ref on input line 6365.
LaTeX Info: Redefining \pageref on input line 6369.
\Hy@abspage=\count138
\c@Item=\count139
\c@Hfootnote=\count140
)

Package hyperref Message: Driver (autodetected): hpdftex.

(/usr/local/texlive/2014/texmf-dist/tex/latex/hyperref/hpdftex.def
File: hpdftex.def 2012/11/06 v6.83m Hyperref driver for pdfTeX
\Fld@listcount=\count141
\c@bookmark@seq@number=\count142

(/usr/local/texlive/2014/texmf-dist/tex/latex/oberdiek/rerunfilecheck.sty
Package: rerunfilecheck 2011/04/15 v1.7 Rerun checks for auxiliary files (HO)
Package uniquecounter Info: New unique counter `rerunfilecheck' on input line 2
82.
)
\Hy@SectionHShift=\skip50
)
(./mcode.sty
-- Package: `mcode' 2.5 <2014/03/06> --
Package: mcode 2014/03/06 2.5
 - settings optimized for display (colour formating)
 - line numbering enabled
 - automatic line breaking enabled (careful, buggy!)
 - framed listings
(/usr/local/texlive/2014/texmf-dist/tex/latex/listings/listings.sty
\lst@mode=\count143
\lst@gtempboxa=\box41
\lst@token=\toks37
\lst@length=\count144
\lst@currlwidth=\dimen182
\lst@column=\count145
\lst@pos=\count146
\lst@lostspace=\dimen183
\lst@width=\dimen184
\lst@newlines=\count147
\lst@lineno=\count148
\lst@maxwidth=\dimen185

(/usr/local/texlive/2014/texmf-dist/tex/latex/listings/lstmisc.sty
File: lstmisc.sty 2014/03/04 1.5c (Carsten Heinz)
\c@lstnumber=\count149
\lst@skipnumbers=\count150
\lst@framebox=\box42
)
(/usr/local/texlive/2014/texmf-dist/tex/latex/listings/listings.cfg
File: listings.cfg 2014/03/04 1.5c listings configuration
))
Package: listings 2014/03/04 1.5c (Carsten Heinz)

(/usr/local/texlive/2014/texmf-dist/tex/latex/base/textcomp.sty
Package: textcomp 2005/09/27 v1.99g Standard LaTeX package
Package textcomp Info: Sub-encoding information:
(textcomp)               5 = only ISO-Adobe without \textcurrency
(textcomp)               4 = 5 + \texteuro
(textcomp)               3 = 4 + \textohm
(textcomp)               2 = 3 + \textestimated + \textcurrency
(textcomp)               1 = TS1 - \textcircled - \t
(textcomp)               0 = TS1 (full)
(textcomp)             Font families with sub-encoding setting implement
(textcomp)             only a restricted character set as indicated.
(textcomp)             Family '?' is the default used for unknown fonts.
(textcomp)             See the documentation for details.
Package textcomp Info: Setting ? sub-encoding to TS1/1 on input line 71.

(/usr/local/texlive/2014/texmf-dist/tex/latex/base/ts1enc.def
File: ts1enc.def 2001/06/05 v3.0e (jk/car/fm) Standard LaTeX file
)
LaTeX Info: Redefining \oldstylenums on input line 266.
Package textcomp Info: Setting cmr sub-encoding to TS1/0 on input line 281.
Package textcomp Info: Setting cmss sub-encoding to TS1/0 on input line 282.
Package textcomp Info: Setting cmtt sub-encoding to TS1/0 on input line 283.
Package textcomp Info: Setting cmvtt sub-encoding to TS1/0 on input line 284.
Package textcomp Info: Setting cmbr sub-encoding to TS1/0 on input line 285.
Package textcomp Info: Setting cmtl sub-encoding to TS1/0 on input line 286.
Package textcomp Info: Setting ccr sub-encoding to TS1/0 on input line 287.
Package textcomp Info: Setting ptm sub-encoding to TS1/4 on input line 288.
Package textcomp Info: Setting pcr sub-encoding to TS1/4 on input line 289.
Package textcomp Info: Setting phv sub-encoding to TS1/4 on input line 290.
Package textcomp Info: Setting ppl sub-encoding to TS1/3 on input line 291.
Package textcomp Info: Setting pag sub-encoding to TS1/4 on input line 292.
Package textcomp Info: Setting pbk sub-encoding to TS1/4 on input line 293.
Package textcomp Info: Setting pnc sub-encoding to TS1/4 on input line 294.
Package textcomp Info: Setting pzc sub-encoding to TS1/4 on input line 295.
Package textcomp Info: Setting bch sub-encoding to TS1/4 on input line 296.
Package textcomp Info: Setting put sub-encoding to TS1/5 on input line 297.
Package textcomp Info: Setting uag sub-encoding to TS1/5 on input line 298.
Package textcomp Info: Setting ugq sub-encoding to TS1/5 on input line 299.
Package textcomp Info: Setting ul8 sub-encoding to TS1/4 on input line 300.
Package textcomp Info: Setting ul9 sub-encoding to TS1/4 on input line 301.
Package textcomp Info: Setting augie sub-encoding to TS1/5 on input line 302.
Package textcomp Info: Setting dayrom sub-encoding to TS1/3 on input line 303.
Package textcomp Info: Setting dayroms sub-encoding to TS1/3 on input line 304.

Package textcomp Info: Setting pxr sub-encoding to TS1/0 on input line 305.
Package textcomp Info: Setting pxss sub-encoding to TS1/0 on input line 306.
Package textcomp Info: Setting pxtt sub-encoding to TS1/0 on input line 307.
Package textcomp Info: Setting txr sub-encoding to TS1/0 on input line 308.
Package textcomp Info: Setting txss sub-encoding to TS1/0 on input line 309.
Package textcomp Info: Setting txtt sub-encoding to TS1/0 on input line 310.
Package textcomp Info: Setting lmr sub-encoding to TS1/0 on input line 311.
Package textcomp Info: Setting lmdh sub-encoding to TS1/0 on input line 312.
Package textcomp Info: Setting lmss sub-encoding to TS1/0 on input line 313.
Package textcomp Info: Setting lmssq sub-encoding to TS1/0 on input line 314.
Package textcomp Info: Setting lmvtt sub-encoding to TS1/0 on input line 315.
Package textcomp Info: Setting qhv sub-encoding to TS1/0 on input line 316.
Package textcomp Info: Setting qag sub-encoding to TS1/0 on input line 317.
Package textcomp Info: Setting qbk sub-encoding to TS1/0 on input line 318.
Package textcomp Info: Setting qcr sub-encoding to TS1/0 on input line 319.
Package textcomp Info: Setting qcs sub-encoding to TS1/0 on input line 320.
Package textcomp Info: Setting qpl sub-encoding to TS1/0 on input line 321.
Package textcomp Info: Setting qtm sub-encoding to TS1/0 on input line 322.
Package textcomp Info: Setting qzc sub-encoding to TS1/0 on input line 323.
Package textcomp Info: Setting qhvc sub-encoding to TS1/0 on input line 324.
Package textcomp Info: Setting futs sub-encoding to TS1/4 on input line 325.
Package textcomp Info: Setting futx sub-encoding to TS1/4 on input line 326.
Package textcomp Info: Setting futj sub-encoding to TS1/4 on input line 327.
Package textcomp Info: Setting hlh sub-encoding to TS1/3 on input line 328.
Package textcomp Info: Setting hls sub-encoding to TS1/3 on input line 329.
Package textcomp Info: Setting hlst sub-encoding to TS1/3 on input line 330.
Package textcomp Info: Setting hlct sub-encoding to TS1/5 on input line 331.
Package textcomp Info: Setting hlx sub-encoding to TS1/5 on input line 332.
Package textcomp Info: Setting hlce sub-encoding to TS1/5 on input line 333.
Package textcomp Info: Setting hlcn sub-encoding to TS1/5 on input line 334.
Package textcomp Info: Setting hlcw sub-encoding to TS1/5 on input line 335.
Package textcomp Info: Setting hlcf sub-encoding to TS1/5 on input line 336.
Package textcomp Info: Setting pplx sub-encoding to TS1/3 on input line 337.
Package textcomp Info: Setting pplj sub-encoding to TS1/3 on input line 338.
Package textcomp Info: Setting ptmx sub-encoding to TS1/4 on input line 339.
Package textcomp Info: Setting ptmj sub-encoding to TS1/4 on input line 340.
)
\lbreakdots=\box43
LaTeX Font Info:    Try loading font information for OT1+pcr on input line 229.


(/usr/local/texlive/2014/texmf-dist/tex/latex/psnfss/ot1pcr.fd
File: ot1pcr.fd 2001/06/04 font definitions for OT1/pcr.
))
(/usr/local/texlive/2014/texmf-dist/tex/latex/datetime/datetime.sty
Package: datetime 2013/09/10 v2.59 Date Time Package

(/usr/local/texlive/2014/texmf-dist/tex/latex/etoolbox/etoolbox.sty
Package: etoolbox 2011/01/03 v2.1 e-TeX tools for LaTeX

(/usr/local/texlive/2014/texmf-dist/tex/latex/etex-pkg/etex.sty
Package: etex 1998/03/26 v2.0 eTeX basic definition package (PEB)
\et@xins=\count151
)
\etb@tempcnta=\count152
)
(/usr/local/texlive/2014/texmf-dist/tex/latex/fmtcount/fmtcount.sty
Package: fmtcount 2013/08/17 v2.03

(/usr/local/texlive/2014/texmf-dist/tex/latex/fmtcount/fcprefix.sty
Package: fcprefix 2012/09/28

(/usr/local/texlive/2014/texmf-dist/tex/latex/fmtcount/fcnumparser.sty
Package: fcnumparser 2012/09/28
\fc@digit@counter=\count153
))
\c@padzeroesN=\count154
\fc@tmpcatcode=\count155
\@DT@modctr=\count156
\@ordinalctr=\count157
\@orgargctr=\count158
\@strctr=\count159
\@tmpstrctr=\count160
\@DT@loopN=\count161
\@DT@X=\count162

(/usr/local/texlive/2014/texmf-dist/tex/latex/fmtcount/fc-english.def
File: fc-english.def 2013/08/17
))
(/usr/local/texlive/2014/texmf-dist/tex/latex/datetime/datetime-defaults.sty
Package: datetime-defaults 2013/09/10
)
\@day=\count163
\@month=\count164
\@year=\count165
\c@HOUR=\count166
\c@HOURXII=\count167
\c@MINUTE=\count168
\c@TOHOUR=\count169
\c@TOMINUTE=\count170
\c@SECOND=\count171
\currenthour=\count172
\currentminute=\count173
\currentsecond=\count174
Package datetime Info: No datetime.cfg file found, using default settings on in
put line 308.
\@dtctr=\count175
\dayofyear=\count176
\dayofweek=\count177
LaTeX Info: Redefining \today on input line 736.
\dt@a=\toks38
\dt@b=\toks39
)
(/usr/local/texlive/2014/texmf-dist/tex/latex/tools/multicol.sty
Package: multicol 2014/04/23 v1.8e multicolumn formatting (FMi)
\c@tracingmulticols=\count178
\mult@box=\box44
\multicol@leftmargin=\dimen186
\c@unbalance=\count179
\c@collectmore=\count180
\doublecol@number=\count181
\multicoltolerance=\count182
\multicolpretolerance=\count183
\full@width=\dimen187
\page@free=\dimen188
\premulticols=\dimen189
\postmulticols=\dimen190
\multicolsep=\skip51
\multicolbaselineskip=\skip52
\partial@page=\box45
\last@line=\box46
\maxbalancingoverflow=\dimen191
\mult@rightbox=\box47
\mult@grightbox=\box48
\mult@gfirstbox=\box49
\mult@firstbox=\box50
\@tempa=\box51
\@tempa=\box52
\@tempa=\box53
\@tempa=\box54
\@tempa=\box55
\@tempa=\box56
\@tempa=\box57
\@tempa=\box58
\@tempa=\box59
\@tempa=\box60
\@tempa=\box61
\@tempa=\box62
\@tempa=\box63
\@tempa=\box64
\@tempa=\box65
\@tempa=\box66
\@tempa=\box67
\c@columnbadness=\count184
\c@finalcolumnbadness=\count185
\last@try=\dimen192
\multicolovershoot=\dimen193
\multicolundershoot=\dimen194
\mult@nat@firstbox=\box68
\colbreak@box=\box69
\mc@col@check@num=\count186
) (./LAB.aux

LaTeX Warning: Label `fig:rand' multiply defined.


LaTeX Warning: Label `fig:subim1' multiply defined.


LaTeX Warning: Label `sub@fig:subim1' multiply defined.


LaTeX Warning: Label `fig:subim2' multiply defined.


LaTeX Warning: Label `sub@fig:subim2' multiply defined.


LaTeX Warning: Label `fig:subim3' multiply defined.


LaTeX Warning: Label `sub@fig:subim3' multiply defined.


LaTeX Warning: Label `fig:rand' multiply defined.


LaTeX Warning: Label `fig:subim1' multiply defined.


LaTeX Warning: Label `sub@fig:subim1' multiply defined.


LaTeX Warning: Label `fig:subim2' multiply defined.


LaTeX Warning: Label `sub@fig:subim2' multiply defined.


LaTeX Warning: Label `fig:subim1' multiply defined.


LaTeX Warning: Label `sub@fig:subim1' multiply defined.


LaTeX Warning: Label `fig:subim2' multiply defined.


LaTeX Warning: Label `sub@fig:subim2' multiply defined.


LaTeX Warning: Label `fig:subim1' multiply defined.


LaTeX Warning: Label `sub@fig:subim1' multiply defined.


LaTeX Warning: Label `fig:subim2' multiply defined.


LaTeX Warning: Label `sub@fig:subim2' multiply defined.


LaTeX Warning: Label `fig:rand' multiply defined.


LaTeX Warning: Label `fig:subim1' multiply defined.


LaTeX Warning: Label `sub@fig:subim1' multiply defined.


LaTeX Warning: Label `fig:subim2' multiply defined.


LaTeX Warning: Label `sub@fig:subim2' multiply defined.


LaTeX Warning: Label `fig:subim1' multiply defined.


LaTeX Warning: Label `sub@fig:subim1' multiply defined.


LaTeX Warning: Label `fig:subim2' multiply defined.


LaTeX Warning: Label `sub@fig:subim2' multiply defined.


LaTeX Warning: Label `fig:subim1' multiply defined.


LaTeX Warning: Label `sub@fig:subim1' multiply defined.


LaTeX Warning: Label `fig:subim2' multiply defined.


LaTeX Warning: Label `sub@fig:subim2' multiply defined.


LaTeX Warning: Label `fig:rand' multiply defined.


LaTeX Warning: Label `fig:subim1' multiply defined.


LaTeX Warning: Label `sub@fig:subim1' multiply defined.


LaTeX Warning: Label `fig:subim2' multiply defined.


LaTeX Warning: Label `sub@fig:subim2' multiply defined.


LaTeX Warning: Label `fig:rand' multiply defined.


LaTeX Warning: Label `fig:subim1' multiply defined.


LaTeX Warning: Label `sub@fig:subim1' multiply defined.


LaTeX Warning: Label `fig:subim2' multiply defined.


LaTeX Warning: Label `sub@fig:subim2' multiply defined.


LaTeX Warning: Label `fig:subim2' multiply defined.


LaTeX Warning: Label `sub@fig:subim2' multiply defined.


LaTeX Warning: Label `fig:subim2' multiply defined.


LaTeX Warning: Label `sub@fig:subim2' multiply defined.


LaTeX Warning: Label `fig:subim2' multiply defined.


LaTeX Warning: Label `sub@fig:subim2' multiply defined.


LaTeX Warning: Label `fig:subim1' multiply defined.


LaTeX Warning: Label `sub@fig:subim1' multiply defined.


LaTeX Warning: Label `fig:subim2' multiply defined.


LaTeX Warning: Label `sub@fig:subim2' multiply defined.

)
\openout1 = `LAB.aux'.

LaTeX Font Info:    Checking defaults for OML/cmm/m/it on input line 149.
LaTeX Font Info:    ... okay on input line 149.
LaTeX Font Info:    Checking defaults for T1/cmr/m/n on input line 149.
LaTeX Font Info:    ... okay on input line 149.
LaTeX Font Info:    Checking defaults for OT1/cmr/m/n on input line 149.
LaTeX Font Info:    ... okay on input line 149.
LaTeX Font Info:    Checking defaults for OMS/cmsy/m/n on input line 149.
LaTeX Font Info:    ... okay on input line 149.
LaTeX Font Info:    Checking defaults for OMX/cmex/m/n on input line 149.
LaTeX Font Info:    ... okay on input line 149.
LaTeX Font Info:    Checking defaults for U/cmr/m/n on input line 149.
LaTeX Font Info:    ... okay on input line 149.
LaTeX Font Info:    Checking defaults for PD1/pdf/m/n on input line 149.
LaTeX Font Info:    ... okay on input line 149.
LaTeX Font Info:    Checking defaults for TS1/cmr/m/n on input line 149.
LaTeX Font Info:    Try loading font information for TS1+cmr on input line 149.

 (/usr/local/texlive/2014/texmf-dist/tex/latex/base/ts1cmr.fd
File: ts1cmr.fd 1999/05/25 v2.5h Standard LaTeX font definitions
)
LaTeX Font Info:    ... okay on input line 149.

(/usr/local/texlive/2014/texmf-dist/tex/context/base/supp-pdf.mkii
[Loading MPS to PDF converter (version 2006.09.02).]
\scratchcounter=\count187
\scratchdimen=\dimen195
\scratchbox=\box70
\nofMPsegments=\count188
\nofMParguments=\count189
\everyMPshowfont=\toks40
\MPscratchCnt=\count190
\MPscratchDim=\dimen196
\MPnumerator=\count191
\makeMPintoPDFobject=\count192
\everyMPtoPDFconversion=\toks41
) ABD: EveryShipout initializing macros
*geometry* driver: auto-detecting
*geometry* detected driver: pdftex
*geometry* verbose mode - [ preamble ] result:
* driver: pdftex
* paper: a4paper
* layout: <same size as paper>
* layoutoffset:(h,v)=(0.0pt,0.0pt)
* modes: 
* h-part:(L,W,R)=(56.9055pt, 483.69684pt, 56.90553pt)
* v-part:(T,H,B)=(113.81102pt, 625.96062pt, 105.2752pt)
* \paperwidth=597.50787pt
* \paperheight=845.04684pt
* \textwidth=483.69684pt
* \textheight=739.77164pt
* \oddsidemargin=-15.36449pt
* \evensidemargin=-15.36449pt
* \topmargin=4.54103pt
* \headheight=12.0pt
* \headsep=25.0pt
* \topskip=11.0pt
* \footskip=30.0pt
* \marginparwidth=50.0pt
* \marginparsep=10.0pt
* \columnsep=10.0pt
* \skip\footins=10.0pt plus 4.0pt minus 2.0pt
* \hoffset=0.0pt
* \voffset=-56.9055pt
* \mag=1000
* \@twocolumnfalse
* \@twosidefalse
* \@mparswitchfalse
* \@reversemarginfalse
* (1in=72.27pt=25.4mm, 1cm=28.453pt)

Package caption Info: Begin \AtBeginDocument code.
Package caption Info: hyperref package is loaded.
Package caption Info: listings package is loaded.
Package caption Info: End \AtBeginDocument code.
LaTeX Info: Redefining \microtypecontext on input line 149.
Package microtype Info: Generating PDF output.
Package microtype Info: Character protrusion enabled (level 2).
Package microtype Info: Using default protrusion set `alltext'.
Package microtype Info: Automatic font expansion enabled (level 2),
(microtype)             stretch: 20, shrink: 20, step: 1, non-selected.
Package microtype Info: Using default expansion set `basictext'.
Package microtype Info: Tracking enabled.
Package microtype Info: Using default tracking set `smallcaps'.
Package microtype Info: Adjustment of interword spacing enabled.
Package microtype Info: Using default spacing set `basictext'.
Package microtype Info: Adjustment of character kerning enabled.
Package microtype Info: Using default kerning set `alltext'.
(/usr/local/texlive/2014/texmf-dist/tex/latex/microtype/mt-cmr.cfg
File: mt-cmr.cfg 2013/05/19 v2.2 microtype config. file: Computer Modern Roman 
(RS)
)
\AtBeginShipoutBox=\box71
Package hyperref Info: Link coloring ON on input line 149.

(/usr/local/texlive/2014/texmf-dist/tex/latex/hyperref/nameref.sty
Package: nameref 2012/10/27 v2.43 Cross-referencing by name of section

(/usr/local/texlive/2014/texmf-dist/tex/generic/oberdiek/gettitlestring.sty
Package: gettitlestring 2010/12/03 v1.4 Cleanup title references (HO)
)
\c@section@level=\count193
)
LaTeX Info: Redefining \ref on input line 149.
LaTeX Info: Redefining \pageref on input line 149.
LaTeX Info: Redefining \nameref on input line 149.

(./LAB.out) (./LAB.out)
\@outlinefile=\write4
\openout4 = `LAB.out'.

\c@lstlisting=\count194
LaTeX Font Info:    Try loading font information for U+msa on input line 151.

(/usr/local/texlive/2014/texmf-dist/tex/latex/amsfonts/umsa.fd
File: umsa.fd 2013/01/14 v3.01 AMS symbols A
)
(/usr/local/texlive/2014/texmf-dist/tex/latex/microtype/mt-msa.cfg
File: mt-msa.cfg 2006/02/04 v1.1 microtype config. file: AMS symbols (a) (RS)
)
LaTeX Font Info:    Try loading font information for U+msb on input line 151.

(/usr/local/texlive/2014/texmf-dist/tex/latex/amsfonts/umsb.fd
File: umsb.fd 2013/01/14 v3.01 AMS symbols B
)
(/usr/local/texlive/2014/texmf-dist/tex/latex/microtype/mt-msb.cfg
File: mt-msb.cfg 2005/06/01 v1.0 microtype config. file: AMS symbols (b) (RS)
)
LaTeX Font Info:    Try loading font information for U+lasy on input line 151.

(/usr/local/texlive/2014/texmf-dist/tex/latex/base/ulasy.fd
File: ulasy.fd 1998/08/17 v2.2e LaTeX symbol font definitions
) [1

{/usr/local/texlive/2014/texmf-var/fonts/map/pdftex/updmap/pdftex.map}]
Underfull \hbox (badness 10000) in paragraph at lines 183--185

 []


Underfull \hbox (badness 10000) in paragraph at lines 193--194

 []

[2]
Underfull \hbox (badness 10000) in paragraph at lines 213--214

 []

[3]
Underfull \hbox (badness 10000) in paragraph at lines 233--236

 []

[4] [5]
Underfull \hbox (badness 10000) in paragraph at lines 280--281

 []


Underfull \hbox (badness 10000) in paragraph at lines 282--283

 []


Underfull \hbox (badness 10000) in paragraph at lines 284--285

 []


Underfull \hbox (badness 10000) in paragraph at lines 286--287

 []


Underfull \hbox (badness 10000) in paragraph at lines 288--289

 []


Underfull \hbox (badness 10000) in paragraph at lines 290--291

 []


Underfull \hbox (badness 10000) in paragraph at lines 292--295

 []

[6]
Underfull \hbox (badness 10000) in paragraph at lines 314--315

 []


Underfull \hbox (badness 10000) in paragraph at lines 316--317

 []

[7]
Underfull \hbox (badness 10000) in paragraph at lines 362--363

 []

[8] <PreLach/A2a.png, id=175, 1312.905pt x 331.2375pt>
File: PreLach/A2a.png Graphic file (type png)
 <use PreLach/A2a.png>
Package pdftex.def Info: PreLach/A2a.png used on input line 379.
(pdftex.def)             Requested size: 386.95894pt x 97.62828pt.

<PreLach/A2b.png, id=177, 1035.87pt x 409.53pt>
File: PreLach/A2b.png Graphic file (type png)
 <use PreLach/A2b.png>
Package pdftex.def Info: PreLach/A2b.png used on input line 387.
(pdftex.def)             Requested size: 386.95894pt x 152.98596pt.
 [9 <./PreLach/A2a.png> <./PreLach/A2b.png>]
Package epstopdf Info: Source file: <PreLach/a3.eps>
(epstopdf)                    date: 2015-05-22 10:30:38
(epstopdf)                    size: 28574 bytes
(epstopdf)             Output file: <PreLach/a3-eps-converted-to.pdf>
(epstopdf)                    date: 2015-05-23 14:46:33
(epstopdf)                    size: 4620 bytes
(epstopdf)             Command: <repstopdf --outfile=PreLach/a3-eps-converted-t
o.pdf PreLach/a3.eps>
(epstopdf)             \includegraphics on input line 398.
Package epstopdf Info: Output file is already uptodate.

<PreLach/a3-eps-converted-to.pdf, id=188, 476.78125pt x 388.45125pt>
File: PreLach/a3-eps-converted-to.pdf Graphic file (type pdf)

<use PreLach/a3-eps-converted-to.pdf>
Package pdftex.def Info: PreLach/a3-eps-converted-to.pdf used on input line 398
.
(pdftex.def)             Requested size: 386.95894pt x 315.28392pt.
Package microtype Info: Loading generic settings for font family
(microtype)             `pcr' (encoding: OT1).
(microtype)             For optimal results, create family-specific settings.
(microtype)             See the microtype manual for details.
LaTeX Font Info:    Try loading font information for TS1+pcr on input line 409.


(/usr/local/texlive/2014/texmf-dist/tex/latex/psnfss/ts1pcr.fd
File: ts1pcr.fd 2001/06/04 font definitions for TS1/pcr.
)
Package microtype Info: Loading generic settings for font family
(microtype)             `pcr' (encoding: TS1).
(microtype)             For optimal results, create family-specific settings.
(microtype)             See the microtype manual for details.
 [10 <./PreLach/a3-eps-converted-to.pdf>]
Package epstopdf Info: Source file: <PreLach/a4.eps>
(epstopdf)                    date: 2015-05-22 10:30:38
(epstopdf)                    size: 39478 bytes
(epstopdf)             Output file: <PreLach/a4-eps-converted-to.pdf>
(epstopdf)                    date: 2015-05-23 14:46:33
(epstopdf)                    size: 5733 bytes
(epstopdf)             Command: <repstopdf --outfile=PreLach/a4-eps-converted-t
o.pdf PreLach/a4.eps>
(epstopdf)             \includegraphics on input line 420.
Package epstopdf Info: Output file is already uptodate.

<PreLach/a4-eps-converted-to.pdf, id=210, 476.78125pt x 388.45125pt>
File: PreLach/a4-eps-converted-to.pdf Graphic file (type pdf)

<use PreLach/a4-eps-converted-to.pdf>
Package pdftex.def Info: PreLach/a4-eps-converted-to.pdf used on input line 420
.
(pdftex.def)             Requested size: 386.95894pt x 315.28392pt.
 [11 <./PreLach/a4-eps-converted-to.pdf>]
Package epstopdf Info: Source file: <PreLach/a6a.eps>
(epstopdf)                    date: 2015-05-22 10:30:38
(epstopdf)                    size: 39461 bytes
(epstopdf)             Output file: <PreLach/a6a-eps-converted-to.pdf>
(epstopdf)                    date: 2015-05-23 14:46:33
(epstopdf)                    size: 5697 bytes
(epstopdf)             Command: <repstopdf --outfile=PreLach/a6a-eps-converted-
to.pdf PreLach/a6a.eps>
(epstopdf)             \includegraphics on input line 451.
Package epstopdf Info: Output file is already uptodate.

<PreLach/a6a-eps-converted-to.pdf, id=235, 476.78125pt x 388.45125pt>
File: PreLach/a6a-eps-converted-to.pdf Graphic file (type pdf)

<use PreLach/a6a-eps-converted-to.pdf>
Package pdftex.def Info: PreLach/a6a-eps-converted-to.pdf used on input line 45
1.
(pdftex.def)             Requested size: 386.95894pt x 315.28392pt.
Package epstopdf Info: Source file: <PreLach/a6b.eps>
(epstopdf)                    date: 2015-05-22 10:30:38
(epstopdf)                    size: 39471 bytes
(epstopdf)             Output file: <PreLach/a6b-eps-converted-to.pdf>
(epstopdf)                    date: 2015-05-23 14:46:33
(epstopdf)                    size: 5701 bytes
(epstopdf)             Command: <repstopdf --outfile=PreLach/a6b-eps-converted-
to.pdf PreLach/a6b.eps>
(epstopdf)             \includegraphics on input line 468.
Package epstopdf Info: Output file is already uptodate.

<PreLach/a6b-eps-converted-to.pdf, id=236, 476.78125pt x 388.45125pt>
File: PreLach/a6b-eps-converted-to.pdf Graphic file (type pdf)

<use PreLach/a6b-eps-converted-to.pdf>
Package pdftex.def Info: PreLach/a6b-eps-converted-to.pdf used on input line 46
8.
(pdftex.def)             Requested size: 386.95894pt x 315.28392pt.
 [12 <./PreLach/a6a-eps-converted-to.pdf>]
LaTeX Font Info:    Try loading font information for OML+pcr on input line 486.

 (/usr/local/texlive/2014/texmf-dist/tex/latex/psnfss/omlpcr.fd
File: omlpcr.fd 
)
LaTeX Font Info:    Font shape `OML/pcr/m/n' in size <9> not available
(Font)              Font shape `OML/cmm/m/it' tried instead on input line 486.
 [13 <./PreLach/a6b-eps-converted-to.pdf>]
Package epstopdf Info: Source file: <PreLach/a7.eps>
(epstopdf)                    date: 2015-05-22 10:30:38
(epstopdf)                    size: 38423 bytes
(epstopdf)             Output file: <PreLach/a7-eps-converted-to.pdf>
(epstopdf)                    date: 2015-05-23 14:46:33
(epstopdf)                    size: 5637 bytes
(epstopdf)             Command: <repstopdf --outfile=PreLach/a7-eps-converted-t
o.pdf PreLach/a7.eps>
(epstopdf)             \includegraphics on input line 515.
Package epstopdf Info: Output file is already uptodate.

<PreLach/a7-eps-converted-to.pdf, id=302, 476.78125pt x 388.45125pt>
File: PreLach/a7-eps-converted-to.pdf Graphic file (type pdf)

<use PreLach/a7-eps-converted-to.pdf>
Package pdftex.def Info: PreLach/a7-eps-converted-to.pdf used on input line 515
.
(pdftex.def)             Requested size: 386.95894pt x 315.28392pt.
 [14 <./PreLach/a7-eps-converted-to.pdf>]
[15]
Package epstopdf Info: Source file: <Matlab_Code/Figures/B1_dataset1.eps>
(epstopdf)                    date: 2015-05-24 15:52:16
(epstopdf)                    size: 87337 bytes
(epstopdf)             Output file: <Matlab_Code/Figures/B1_dataset1-eps-conver
ted-to.pdf>
(epstopdf)                    date: 2015-05-24 15:52:25
(epstopdf)                    size: 21551 bytes
(epstopdf)             Command: <repstopdf --outfile=Matlab_Code/Figures/B1_dat
aset1-eps-converted-to.pdf Matlab_Code/Figures/B1_dataset1.eps>
(epstopdf)             \includegraphics on input line 589.
Package epstopdf Info: Output file is already uptodate.

<Matlab_Code/Figures/B1_dataset1-eps-converted-to.pdf, id=333, 481.8pt x 395.47
75pt>
File: Matlab_Code/Figures/B1_dataset1-eps-converted-to.pdf Graphic file (type p
df)
 <use Matlab_Code/Figures/B1_dataset1-eps-converted-to.pdf>
Package pdftex.def Info: Matlab_Code/Figures/B1_dataset1-eps-converted-to.pdf u
sed on input line 589.
(pdftex.def)             Requested size: 217.6621pt x 178.66322pt.
Package epstopdf Info: Source file: <Matlab_Code/Figures/B1_dataset2.eps>
(epstopdf)                    date: 2015-05-24 15:52:16
(epstopdf)                    size: 87683 bytes
(epstopdf)             Output file: <Matlab_Code/Figures/B1_dataset2-eps-conver
ted-to.pdf>
(epstopdf)                    date: 2015-05-24 15:52:26
(epstopdf)                    size: 23327 bytes
(epstopdf)             Command: <repstopdf --outfile=Matlab_Code/Figures/B1_dat
aset2-eps-converted-to.pdf Matlab_Code/Figures/B1_dataset2.eps>
(epstopdf)             \includegraphics on input line 594.
Package epstopdf Info: Output file is already uptodate.

<Matlab_Code/Figures/B1_dataset2-eps-converted-to.pdf, id=334, 481.8pt x 395.47
75pt>
File: Matlab_Code/Figures/B1_dataset2-eps-converted-to.pdf Graphic file (type p
df)
 <use Matlab_Code/Figures/B1_dataset2-eps-converted-to.pdf>
Package pdftex.def Info: Matlab_Code/Figures/B1_dataset2-eps-converted-to.pdf u
sed on input line 594.
(pdftex.def)             Requested size: 217.6621pt x 178.66322pt.

Overfull \hbox (2.43333pt too wide) in paragraph at lines 588--598
[]$[]$ $[]$ 
 []

Package epstopdf Info: Source file: <Matlab_Code/Figures/B1_dataset3.eps>
(epstopdf)                    date: 2015-05-24 15:52:17
(epstopdf)                    size: 88747 bytes
(epstopdf)             Output file: <Matlab_Code/Figures/B1_dataset3-eps-conver
ted-to.pdf>
(epstopdf)                    date: 2015-05-24 15:52:27
(epstopdf)                    size: 23095 bytes
(epstopdf)             Command: <repstopdf --outfile=Matlab_Code/Figures/B1_dat
aset3-eps-converted-to.pdf Matlab_Code/Figures/B1_dataset3.eps>
(epstopdf)             \includegraphics on input line 600.
Package epstopdf Info: Output file is already uptodate.

<Matlab_Code/Figures/B1_dataset3-eps-converted-to.pdf, id=335, 481.8pt x 395.47
75pt>
File: Matlab_Code/Figures/B1_dataset3-eps-converted-to.pdf Graphic file (type p
df)
 <use Matlab_Code/Figures/B1_dataset3-eps-converted-to.pdf>
Package pdftex.def Info: Matlab_Code/Figures/B1_dataset3-eps-converted-to.pdf u
sed on input line 600.
(pdftex.def)             Requested size: 217.6621pt x 178.66322pt.
 [16 <./Matlab_Code/Figures/B1_dataset1-eps-converted-to.pdf> <./Matlab_Code/Fi
gures/B1_dataset2-eps-converted-to.pdf> <./Matlab_Code/Figures/B1_dataset3-eps-
converted-to.pdf>]
Package epstopdf Info: Source file: <Matlab_Figures/B2_dataset1.eps>
(epstopdf)                    date: 2015-05-22 10:30:38
(epstopdf)                    size: 29140 bytes
(epstopdf)             Output file: <Matlab_Figures/B2_dataset1-eps-converted-t
o.pdf>
(epstopdf)                    date: 2015-05-22 20:31:51
(epstopdf)                    size: 11910 bytes
(epstopdf)             Command: <repstopdf --outfile=Matlab_Figures/B2_dataset1
-eps-converted-to.pdf Matlab_Figures/B2_dataset1.eps>
(epstopdf)             \includegraphics on input line 618.
Package epstopdf Info: Output file is already uptodate.

<Matlab_Figures/B2_dataset1-eps-converted-to.pdf, id=382, 490.83376pt x 395.477
5pt>
File: Matlab_Figures/B2_dataset1-eps-converted-to.pdf Graphic file (type pdf)
 <use Matlab_Figures/B2_dataset1-eps-converted-to.pdf>
Package pdftex.def Info: Matlab_Figures/B2_dataset1-eps-converted-to.pdf used o
n input line 618.
(pdftex.def)             Requested size: 217.6621pt x 175.37442pt.
Package epstopdf Info: Source file: <Matlab_Figures/B2_dataset2.eps>
(epstopdf)                    date: 2015-05-22 10:30:38
(epstopdf)                    size: 31734 bytes
(epstopdf)             Output file: <Matlab_Figures/B2_dataset2-eps-converted-t
o.pdf>
(epstopdf)                    date: 2015-05-22 20:31:52
(epstopdf)                    size: 12951 bytes
(epstopdf)             Command: <repstopdf --outfile=Matlab_Figures/B2_dataset2
-eps-converted-to.pdf Matlab_Figures/B2_dataset2.eps>
(epstopdf)             \includegraphics on input line 623.
Package epstopdf Info: Output file is already uptodate.

<Matlab_Figures/B2_dataset2-eps-converted-to.pdf, id=383, 486.81876pt x 395.477
5pt>
File: Matlab_Figures/B2_dataset2-eps-converted-to.pdf Graphic file (type pdf)
 <use Matlab_Figures/B2_dataset2-eps-converted-to.pdf>
Package pdftex.def Info: Matlab_Figures/B2_dataset2-eps-converted-to.pdf used o
n input line 623.
(pdftex.def)             Requested size: 217.6621pt x 176.82271pt.

Overfull \hbox (2.43333pt too wide) in paragraph at lines 617--627
[]$[]$ $[]$ 
 []

Package epstopdf Info: Source file: <Matlab_Figures/B2_dataset3.eps>
(epstopdf)                    date: 2015-05-22 10:30:38
(epstopdf)                    size: 32396 bytes
(epstopdf)             Output file: <Matlab_Figures/B2_dataset3-eps-converted-t
o.pdf>
(epstopdf)                    date: 2015-05-22 20:31:54
(epstopdf)                    size: 12320 bytes
(epstopdf)             Command: <repstopdf --outfile=Matlab_Figures/B2_dataset3
-eps-converted-to.pdf Matlab_Figures/B2_dataset3.eps>
(epstopdf)             \includegraphics on input line 629.
Package epstopdf Info: Output file is already uptodate.

<Matlab_Figures/B2_dataset3-eps-converted-to.pdf, id=384, 490.83376pt x 395.477
5pt>
File: Matlab_Figures/B2_dataset3-eps-converted-to.pdf Graphic file (type pdf)
 <use Matlab_Figures/B2_dataset3-eps-converted-to.pdf>
Package pdftex.def Info: Matlab_Figures/B2_dataset3-eps-converted-to.pdf used o
n input line 629.
(pdftex.def)             Requested size: 217.6621pt x 175.37442pt.
 [17 <./Matlab_Figures/B2_dataset1-eps-converted-to.pdf> <./Matlab_Figures/B2_d
ataset2-eps-converted-to.pdf> <./Matlab_Figures/B2_dataset3-eps-converted-to.pd
f>] [18]
LaTeX Font Info:    Try loading font information for OMS+pcr on input line 728.


(/usr/local/texlive/2014/texmf-dist/tex/latex/psnfss/omspcr.fd
File: omspcr.fd 
)
LaTeX Font Info:    Font shape `OMS/pcr/m/n' in size <9> not available
(Font)              Font shape `OMS/cmsy/m/n' tried instead on input line 728.
LaTeX Font Info:    Try loading font information for OT1+ptm on input line 732.


(/usr/local/texlive/2014/texmf-dist/tex/latex/psnfss/ot1ptm.fd
File: ot1ptm.fd 2001/06/04 font definitions for OT1/ptm.
)
(/usr/local/texlive/2014/texmf-dist/tex/latex/microtype/mt-ptm.cfg
File: mt-ptm.cfg 2006/04/20 v1.7 microtype config. file: Times (RS)
)
LaTeX Font Info:    Try loading font information for TS1+ptm on input line 732.


(/usr/local/texlive/2014/texmf-dist/tex/latex/psnfss/ts1ptm.fd
File: ts1ptm.fd 2001/06/04 font definitions for TS1/ptm.
)
Package epstopdf Info: Source file: <Matlab_Figures/y1_dataset1_ms.eps>
(epstopdf)                    date: 2015-05-22 10:30:38
(epstopdf)                    size: 44537 bytes
(epstopdf)             Output file: <Matlab_Figures/y1_dataset1_ms-eps-converte
d-to.pdf>
(epstopdf)                    date: 2015-05-22 20:31:55
(epstopdf)                    size: 17574 bytes
(epstopdf)             Command: <repstopdf --outfile=Matlab_Figures/y1_dataset1
_ms-eps-converted-to.pdf Matlab_Figures/y1_dataset1_ms.eps>
(epstopdf)             \includegraphics on input line 766.
Package epstopdf Info: Output file is already uptodate.

<Matlab_Figures/y1_dataset1_ms-eps-converted-to.pdf, id=503, 490.83376pt x 395.
4775pt>
File: Matlab_Figures/y1_dataset1_ms-eps-converted-to.pdf Graphic file (type pdf
)
 <use Matlab_Figures/y1_dataset1_ms-eps-converted-to.pdf>
Package pdftex.def Info: Matlab_Figures/y1_dataset1_ms-eps-converted-to.pdf use
d on input line 766.
(pdftex.def)             Requested size: 217.6621pt x 175.37442pt.
Package epstopdf Info: Source file: <Matlab_Figures/y1_dataset1_rms.eps>
(epstopdf)                    date: 2015-05-22 10:30:38
(epstopdf)                    size: 44540 bytes
(epstopdf)             Output file: <Matlab_Figures/y1_dataset1_rms-eps-convert
ed-to.pdf>
(epstopdf)                    date: 2015-05-22 20:31:57
(epstopdf)                    size: 17591 bytes
(epstopdf)             Command: <repstopdf --outfile=Matlab_Figures/y1_dataset1
_rms-eps-converted-to.pdf Matlab_Figures/y1_dataset1_rms.eps>
(epstopdf)             \includegraphics on input line 771.
Package epstopdf Info: Output file is already uptodate.

<Matlab_Figures/y1_dataset1_rms-eps-converted-to.pdf, id=504, 490.83376pt x 395
.4775pt>
File: Matlab_Figures/y1_dataset1_rms-eps-converted-to.pdf Graphic file (type pd
f)
 <use Matlab_Figures/y1_dataset1_rms-eps-converted-to.pdf>
Package pdftex.def Info: Matlab_Figures/y1_dataset1_rms-eps-converted-to.pdf us
ed on input line 771.
(pdftex.def)             Requested size: 217.6621pt x 175.37442pt.

Overfull \hbox (2.43333pt too wide) in paragraph at lines 765--775
[]$[]$ $[]$ 
 []

Package epstopdf Info: Source file: <Matlab_Figures/y1_dataset2_ms.eps>
(epstopdf)                    date: 2015-05-22 10:30:38
(epstopdf)                    size: 49533 bytes
(epstopdf)             Output file: <Matlab_Figures/y1_dataset2_ms-eps-converte
d-to.pdf>
(epstopdf)                    date: 2015-05-22 20:31:58
(epstopdf)                    size: 19460 bytes
(epstopdf)             Command: <repstopdf --outfile=Matlab_Figures/y1_dataset2
_ms-eps-converted-to.pdf Matlab_Figures/y1_dataset2_ms.eps>
(epstopdf)             \includegraphics on input line 778.
Package epstopdf Info: Output file is already uptodate.

<Matlab_Figures/y1_dataset2_ms-eps-converted-to.pdf, id=505, 486.81876pt x 395.
4775pt>
File: Matlab_Figures/y1_dataset2_ms-eps-converted-to.pdf Graphic file (type pdf
)
 <use Matlab_Figures/y1_dataset2_ms-eps-converted-to.pdf>
Package pdftex.def Info: Matlab_Figures/y1_dataset2_ms-eps-converted-to.pdf use
d on input line 778.
(pdftex.def)             Requested size: 217.6621pt x 176.82271pt.
Package epstopdf Info: Source file: <Matlab_Figures/y1_dataset2_rms.eps>
(epstopdf)                    date: 2015-05-22 10:30:38
(epstopdf)                    size: 49548 bytes
(epstopdf)             Output file: <Matlab_Figures/y1_dataset2_rms-eps-convert
ed-to.pdf>
(epstopdf)                    date: 2015-05-22 20:31:59
(epstopdf)                    size: 19015 bytes
(epstopdf)             Command: <repstopdf --outfile=Matlab_Figures/y1_dataset2
_rms-eps-converted-to.pdf Matlab_Figures/y1_dataset2_rms.eps>
(epstopdf)             \includegraphics on input line 783.
Package epstopdf Info: Output file is already uptodate.

<Matlab_Figures/y1_dataset2_rms-eps-converted-to.pdf, id=506, 486.81876pt x 395
.4775pt>
File: Matlab_Figures/y1_dataset2_rms-eps-converted-to.pdf Graphic file (type pd
f)
 <use Matlab_Figures/y1_dataset2_rms-eps-converted-to.pdf>
Package pdftex.def Info: Matlab_Figures/y1_dataset2_rms-eps-converted-to.pdf us
ed on input line 783.
(pdftex.def)             Requested size: 217.6621pt x 176.82271pt.

Overfull \hbox (2.43333pt too wide) in paragraph at lines 777--787
[]$[]$ $[]$ 
 []

Package epstopdf Info: Source file: <Matlab_Figures/y1_dataset3_ms.eps>
(epstopdf)                    date: 2015-05-22 10:30:38
(epstopdf)                    size: 51440 bytes
(epstopdf)             Output file: <Matlab_Figures/y1_dataset3_ms-eps-converte
d-to.pdf>
(epstopdf)                    date: 2015-05-22 20:32:01
(epstopdf)                    size: 18972 bytes
(epstopdf)             Command: <repstopdf --outfile=Matlab_Figures/y1_dataset3
_ms-eps-converted-to.pdf Matlab_Figures/y1_dataset3_ms.eps>
(epstopdf)             \includegraphics on input line 789.
Package epstopdf Info: Output file is already uptodate.

<Matlab_Figures/y1_dataset3_ms-eps-converted-to.pdf, id=507, 490.83376pt x 395.
4775pt>
File: Matlab_Figures/y1_dataset3_ms-eps-converted-to.pdf Graphic file (type pdf
)
 <use Matlab_Figures/y1_dataset3_ms-eps-converted-to.pdf>
Package pdftex.def Info: Matlab_Figures/y1_dataset3_ms-eps-converted-to.pdf use
d on input line 789.
(pdftex.def)             Requested size: 217.6621pt x 175.37442pt.
Package epstopdf Info: Source file: <Matlab_Figures/y1_dataset3_rms.eps>
(epstopdf)                    date: 2015-05-22 10:30:38
(epstopdf)                    size: 51535 bytes
(epstopdf)             Output file: <Matlab_Figures/y1_dataset3_rms-eps-convert
ed-to.pdf>
(epstopdf)                    date: 2015-05-22 20:32:02
(epstopdf)                    size: 19137 bytes
(epstopdf)             Command: <repstopdf --outfile=Matlab_Figures/y1_dataset3
_rms-eps-converted-to.pdf Matlab_Figures/y1_dataset3_rms.eps>
(epstopdf)             \includegraphics on input line 794.
Package epstopdf Info: Output file is already uptodate.

<Matlab_Figures/y1_dataset3_rms-eps-converted-to.pdf, id=508, 490.83376pt x 395
.4775pt>
File: Matlab_Figures/y1_dataset3_rms-eps-converted-to.pdf Graphic file (type pd
f)
 <use Matlab_Figures/y1_dataset3_rms-eps-converted-to.pdf>
Package pdftex.def Info: Matlab_Figures/y1_dataset3_rms-eps-converted-to.pdf us
ed on input line 794.
(pdftex.def)             Requested size: 217.6621pt x 175.37442pt.

Overfull \hbox (2.43333pt too wide) in paragraph at lines 788--798
[]$[]$ $[]$ 
 []

[19]
Package epstopdf Info: Source file: <Matlab_Figures/y2_dataset1_ms.eps>
(epstopdf)                    date: 2015-05-22 10:30:38
(epstopdf)                    size: 44540 bytes
(epstopdf)             Output file: <Matlab_Figures/y2_dataset1_ms-eps-converte
d-to.pdf>
(epstopdf)                    date: 2015-05-22 20:44:45
(epstopdf)                    size: 17386 bytes
(epstopdf)             Command: <repstopdf --outfile=Matlab_Figures/y2_dataset1
_ms-eps-converted-to.pdf Matlab_Figures/y2_dataset1_ms.eps>
(epstopdf)             \includegraphics on input line 808.
Package epstopdf Info: Output file is already uptodate.

<Matlab_Figures/y2_dataset1_ms-eps-converted-to.pdf, id=550, 490.83376pt x 395.
4775pt>
File: Matlab_Figures/y2_dataset1_ms-eps-converted-to.pdf Graphic file (type pdf
)
 <use Matlab_Figures/y2_dataset1_ms-eps-converted-to.pdf>
Package pdftex.def Info: Matlab_Figures/y2_dataset1_ms-eps-converted-to.pdf use
d on input line 808.
(pdftex.def)             Requested size: 217.6621pt x 175.37442pt.
Package epstopdf Info: Source file: <Matlab_Figures/y2_dataset1_rms.eps>
(epstopdf)                    date: 2015-05-22 10:30:38
(epstopdf)                    size: 44544 bytes
(epstopdf)             Output file: <Matlab_Figures/y2_dataset1_rms-eps-convert
ed-to.pdf>
(epstopdf)                    date: 2015-05-22 20:44:47
(epstopdf)                    size: 17395 bytes
(epstopdf)             Command: <repstopdf --outfile=Matlab_Figures/y2_dataset1
_rms-eps-converted-to.pdf Matlab_Figures/y2_dataset1_rms.eps>
(epstopdf)             \includegraphics on input line 813.
Package epstopdf Info: Output file is already uptodate.

<Matlab_Figures/y2_dataset1_rms-eps-converted-to.pdf, id=551, 490.83376pt x 395
.4775pt>
File: Matlab_Figures/y2_dataset1_rms-eps-converted-to.pdf Graphic file (type pd
f)
 <use Matlab_Figures/y2_dataset1_rms-eps-converted-to.pdf>
Package pdftex.def Info: Matlab_Figures/y2_dataset1_rms-eps-converted-to.pdf us
ed on input line 813.
(pdftex.def)             Requested size: 217.6621pt x 175.37442pt.

Overfull \hbox (2.43333pt too wide) in paragraph at lines 807--817
[]$[]$ $[]$ 
 []

Package epstopdf Info: Source file: <Matlab_Figures/y2_dataset2_ms.eps>
(epstopdf)                    date: 2015-05-22 10:30:38
(epstopdf)                    size: 49577 bytes
(epstopdf)             Output file: <Matlab_Figures/y2_dataset2_ms-eps-converte
d-to.pdf>
(epstopdf)                    date: 2015-05-22 20:45:16
(epstopdf)                    size: 19601 bytes
(epstopdf)             Command: <repstopdf --outfile=Matlab_Figures/y2_dataset2
_ms-eps-converted-to.pdf Matlab_Figures/y2_dataset2_ms.eps>
(epstopdf)             \includegraphics on input line 819.
Package epstopdf Info: Output file is already uptodate.

<Matlab_Figures/y2_dataset2_ms-eps-converted-to.pdf, id=552, 486.81876pt x 395.
4775pt>
File: Matlab_Figures/y2_dataset2_ms-eps-converted-to.pdf Graphic file (type pdf
)
 <use Matlab_Figures/y2_dataset2_ms-eps-converted-to.pdf>
Package pdftex.def Info: Matlab_Figures/y2_dataset2_ms-eps-converted-to.pdf use
d on input line 819.
(pdftex.def)             Requested size: 217.6621pt x 176.82271pt.
Package epstopdf Info: Source file: <Matlab_Figures/y2_dataset2_rms.eps>
(epstopdf)                    date: 2015-05-22 10:30:38
(epstopdf)                    size: 49581 bytes
(epstopdf)             Output file: <Matlab_Figures/y2_dataset2_rms-eps-convert
ed-to.pdf>
(epstopdf)                    date: 2015-05-22 20:45:17
(epstopdf)                    size: 19609 bytes
(epstopdf)             Command: <repstopdf --outfile=Matlab_Figures/y2_dataset2
_rms-eps-converted-to.pdf Matlab_Figures/y2_dataset2_rms.eps>
(epstopdf)             \includegraphics on input line 824.
Package epstopdf Info: Output file is already uptodate.

<Matlab_Figures/y2_dataset2_rms-eps-converted-to.pdf, id=553, 486.81876pt x 395
.4775pt>
File: Matlab_Figures/y2_dataset2_rms-eps-converted-to.pdf Graphic file (type pd
f)
 <use Matlab_Figures/y2_dataset2_rms-eps-converted-to.pdf>
Package pdftex.def Info: Matlab_Figures/y2_dataset2_rms-eps-converted-to.pdf us
ed on input line 824.
(pdftex.def)             Requested size: 217.6621pt x 176.82271pt.

Overfull \hbox (2.43333pt too wide) in paragraph at lines 818--828
[]$[]$ $[]$ 
 []

Package epstopdf Info: Source file: <Matlab_Figures/y2_dataset3_ms.eps>
(epstopdf)                    date: 2015-05-22 10:30:38
(epstopdf)                    size: 51521 bytes
(epstopdf)             Output file: <Matlab_Figures/y2_dataset3_ms-eps-converte
d-to.pdf>
(epstopdf)                    date: 2015-05-22 20:45:30
(epstopdf)                    size: 19326 bytes
(epstopdf)             Command: <repstopdf --outfile=Matlab_Figures/y2_dataset3
_ms-eps-converted-to.pdf Matlab_Figures/y2_dataset3_ms.eps>
(epstopdf)             \includegraphics on input line 830.
Package epstopdf Info: Output file is already uptodate.

<Matlab_Figures/y2_dataset3_ms-eps-converted-to.pdf, id=554, 490.83376pt x 395.
4775pt>
File: Matlab_Figures/y2_dataset3_ms-eps-converted-to.pdf Graphic file (type pdf
)
 <use Matlab_Figures/y2_dataset3_ms-eps-converted-to.pdf>
Package pdftex.def Info: Matlab_Figures/y2_dataset3_ms-eps-converted-to.pdf use
d on input line 830.
(pdftex.def)             Requested size: 217.6621pt x 175.37442pt.
Package epstopdf Info: Source file: <Matlab_Figures/y2_dataset3_rms.eps>
(epstopdf)                    date: 2015-05-22 10:30:38
(epstopdf)                    size: 51525 bytes
(epstopdf)             Output file: <Matlab_Figures/y2_dataset3_rms-eps-convert
ed-to.pdf>
(epstopdf)                    date: 2015-05-22 20:45:32
(epstopdf)                    size: 19334 bytes
(epstopdf)             Command: <repstopdf --outfile=Matlab_Figures/y2_dataset3
_rms-eps-converted-to.pdf Matlab_Figures/y2_dataset3_rms.eps>
(epstopdf)             \includegraphics on input line 835.
Package epstopdf Info: Output file is already uptodate.

<Matlab_Figures/y2_dataset3_rms-eps-converted-to.pdf, id=555, 490.83376pt x 395
.4775pt>
File: Matlab_Figures/y2_dataset3_rms-eps-converted-to.pdf Graphic file (type pd
f)
 <use Matlab_Figures/y2_dataset3_rms-eps-converted-to.pdf>
Package pdftex.def Info: Matlab_Figures/y2_dataset3_rms-eps-converted-to.pdf us
ed on input line 835.
(pdftex.def)             Requested size: 217.6621pt x 175.37442pt.

Overfull \hbox (2.43333pt too wide) in paragraph at lines 829--839
[]$[]$ $[]$ 
 []

[20 <./Matlab_Figures/y1_dataset1_ms-eps-converted-to.pdf> <./Matlab_Figures/y1
_dataset1_rms-eps-converted-to.pdf> <./Matlab_Figures/y1_dataset2_ms-eps-conver
ted-to.pdf> <./Matlab_Figures/y1_dataset2_rms-eps-converted-to.pdf> <./Matlab_F
igures/y1_dataset3_ms-eps-converted-to.pdf> <./Matlab_Figures/y1_dataset3_rms-e
ps-converted-to.pdf>] [21 <./Matlab_Figures/y2_dataset1_ms-eps-converted-to.pdf
> <./Matlab_Figures/y2_dataset1_rms-eps-converted-to.pdf> <./Matlab_Figures/y2_
dataset2_ms-eps-converted-to.pdf> <./Matlab_Figures/y2_dataset2_rms-eps-convert
ed-to.pdf> <./Matlab_Figures/y2_dataset3_ms-eps-converted-to.pdf> <./Matlab_Fig
ures/y2_dataset3_rms-eps-converted-to.pdf>] [22] [23]
Underfull \hbox (badness 10000) in paragraph at lines 952--953

 []

<FigsC/c1_2_.png, id=761, 484.05844pt x 255.20343pt>
File: FigsC/c1_2_.png Graphic file (type png)
 <use FigsC/c1_2_.png>
Package pdftex.def Info: FigsC/c1_2_.png used on input line 956.
(pdftex.def)             Requested size: 386.95894pt x 204.01894pt.

<FigsC/c1.png, id=762, 1294.8375pt x 775.39688pt>
File: FigsC/c1.png Graphic file (type png)
 <use FigsC/c1.png>
Package pdftex.def Info: FigsC/c1.png used on input line 962.
(pdftex.def)             Requested size: 386.95894pt x 231.72165pt.
 [24 <./FigsC/c1_2_.png> <./FigsC/c1.png>]
Underfull \hbox (badness 10000) in paragraph at lines 971--972

 []

<FigsC/c2b.png, id=771, 328.97906pt x 175.40532pt>
File: FigsC/c2b.png Graphic file (type png)
 <use FigsC/c2b.png>
Package pdftex.def Info: FigsC/c2b.png used on input line 976.
(pdftex.def)             Requested size: 193.47577pt x 103.15903pt.

Underfull \hbox (badness 10000) in paragraph at lines 973--978

 []

<FigsC/c2a.png, id=772, 197.23688pt x 175.40532pt>
File: FigsC/c2a.png Graphic file (type png)
 <use FigsC/c2a.png>
Package pdftex.def Info: FigsC/c2a.png used on input line 987.
(pdftex.def)             Requested size: 145.11052pt x 129.04848pt.

Underfull \hbox (badness 10000) in paragraph at lines 984--989

 []


Underfull \hbox (badness 10000) in paragraph at lines 995--996

 []


Underfull \hbox (badness 10000) in paragraph at lines 1000--1001

 []

[25 <./FigsC/c2b.png> <./FigsC/c2a.png>]
Underfull \hbox (badness 10000) in paragraph at lines 1006--1007

 []

[26]
Underfull \hbox (badness 10000) in paragraph at lines 1020--1021

 []

[27]
Underfull \hbox (badness 10000) in paragraph at lines 1062--1067

 []

[28]
Package epstopdf Info: Source file: <Matlab_Code/Figures/C6_theoretical.eps>
(epstopdf)                    date: 2015-05-24 16:07:17
(epstopdf)                    size: 86261 bytes
(epstopdf)             Output file: <Matlab_Code/Figures/C6_theoretical-eps-con
verted-to.pdf>
(epstopdf)                    date: 2015-05-24 16:08:47
(epstopdf)                    size: 16529 bytes
(epstopdf)             Command: <repstopdf --outfile=Matlab_Code/Figures/C6_the
oretical-eps-converted-to.pdf Matlab_Code/Figures/C6_theoretical.eps>
(epstopdf)             \includegraphics on input line 1121.
Package epstopdf Info: Output file is already uptodate.

<Matlab_Code/Figures/C6_theoretical-eps-converted-to.pdf, id=796, 486.81876pt x
 395.4775pt>
File: Matlab_Code/Figures/C6_theoretical-eps-converted-to.pdf Graphic file (typ
e pdf)
 <use Matlab_Code/Figures/C6_theoretical-eps-converted-to.pdf>
Package pdftex.def Info: Matlab_Code/Figures/C6_theoretical-eps-converted-to.pd
f used on input line 1121.
(pdftex.def)             Requested size: 217.6621pt x 176.82271pt.
Package epstopdf Info: Source file: <Matlab_Code/Figures/C6_experimental.eps>
(epstopdf)                    date: 2015-05-24 16:07:18
(epstopdf)                    size: 86240 bytes
(epstopdf)             Output file: <Matlab_Code/Figures/C6_experimental-eps-co
nverted-to.pdf>
(epstopdf)                    date: 2015-05-24 16:08:48
(epstopdf)                    size: 26794 bytes
(epstopdf)             Command: <repstopdf --outfile=Matlab_Code/Figures/C6_exp
erimental-eps-converted-to.pdf Matlab_Code/Figures/C6_experimental.eps>
(epstopdf)             \includegraphics on input line 1126.
Package epstopdf Info: Output file is already uptodate.

<Matlab_Code/Figures/C6_experimental-eps-converted-to.pdf, id=797, 486.81876pt 
x 395.4775pt>
File: Matlab_Code/Figures/C6_experimental-eps-converted-to.pdf Graphic file (ty
pe pdf)
 <use Matlab_Code/Figures/C6_experimental-eps-converted-to.pdf>
Package pdftex.def Info: Matlab_Code/Figures/C6_experimental-eps-converted-to.p
df used on input line 1126.
(pdftex.def)             Requested size: 217.6621pt x 176.82271pt.

Overfull \hbox (2.43333pt too wide) in paragraph at lines 1120--1130
[]$[]$ $[]$ 
 []

[29 <./Matlab_Code/Figures/C6_theoretical-eps-converted-to.pdf> <./Matlab_Code/
Figures/C6_experimental-eps-converted-to.pdf>]
Underfull \hbox (badness 10000) in paragraph at lines 1153--1154

 []


Underfull \hbox (badness 10000) in paragraph at lines 1153--1154

 []


Underfull \hbox (badness 10000) in paragraph at lines 1155--1156

 []


Underfull \hbox (badness 10000) in paragraph at lines 1157--1158

 []


Underfull \hbox (badness 10000) in paragraph at lines 1159--1160

 []


Underfull \hbox (badness 10000) in paragraph at lines 1161--1162

 []


Underfull \hbox (badness 10000) in paragraph at lines 1163--1164

 []


Underfull \hbox (badness 10000) in paragraph at lines 1165--1166

 []

[30]
Package epstopdf Info: Source file: <Matlab_Figures/y2_dataset1_ms.eps>
(epstopdf)                    date: 2015-05-22 10:30:38
(epstopdf)                    size: 44540 bytes
(epstopdf)             Output file: <Matlab_Figures/y2_dataset1_ms-eps-converte
d-to.pdf>
(epstopdf)                    date: 2015-05-22 20:44:45
(epstopdf)                    size: 17386 bytes
(epstopdf)             Command: <repstopdf --outfile=Matlab_Figures/y2_dataset1
_ms-eps-converted-to.pdf Matlab_Figures/y2_dataset1_ms.eps>
(epstopdf)             \includegraphics on input line 1199.
Package epstopdf Info: Output file is already uptodate.
File: Matlab_Figures/y2_dataset1_ms-eps-converted-to.pdf Graphic file (type pdf
)
 <use Matlab_Figures/y2_dataset1_ms-eps-converted-to.pdf>
Package pdftex.def Info: Matlab_Figures/y2_dataset1_ms-eps-converted-to.pdf use
d on input line 1199.
(pdftex.def)             Requested size: 217.6621pt x 175.37442pt.
Package epstopdf Info: Source file: <Matlab_Figures/y2_dataset1_rms.eps>
(epstopdf)                    date: 2015-05-22 10:30:38
(epstopdf)                    size: 44544 bytes
(epstopdf)             Output file: <Matlab_Figures/y2_dataset1_rms-eps-convert
ed-to.pdf>
(epstopdf)                    date: 2015-05-22 20:44:47
(epstopdf)                    size: 17395 bytes
(epstopdf)             Command: <repstopdf --outfile=Matlab_Figures/y2_dataset1
_rms-eps-converted-to.pdf Matlab_Figures/y2_dataset1_rms.eps>
(epstopdf)             \includegraphics on input line 1204.
Package epstopdf Info: Output file is already uptodate.
File: Matlab_Figures/y2_dataset1_rms-eps-converted-to.pdf Graphic file (type pd
f)

<use Matlab_Figures/y2_dataset1_rms-eps-converted-to.pdf>
Package pdftex.def Info: Matlab_Figures/y2_dataset1_rms-eps-converted-to.pdf us
ed on input line 1204.
(pdftex.def)             Requested size: 217.6621pt x 175.37442pt.

Overfull \hbox (2.43333pt too wide) in paragraph at lines 1198--1208
[]$[]$ $[]$ 
 []

Package epstopdf Info: Source file: <Matlab_Figures/y2_dataset1_rms.eps>
(epstopdf)                    date: 2015-05-22 10:30:38
(epstopdf)                    size: 44544 bytes
(epstopdf)             Output file: <Matlab_Figures/y2_dataset1_rms-eps-convert
ed-to.pdf>
(epstopdf)                    date: 2015-05-22 20:44:47
(epstopdf)                    size: 17395 bytes
(epstopdf)             Command: <repstopdf --outfile=Matlab_Figures/y2_dataset1
_rms-eps-converted-to.pdf Matlab_Figures/y2_dataset1_rms.eps>
(epstopdf)             \includegraphics on input line 1210.
Package epstopdf Info: Output file is already uptodate.
File: Matlab_Figures/y2_dataset1_rms-eps-converted-to.pdf Graphic file (type pd
f)
<use Matlab_Figures/y2_dataset1_rms-eps-converted-to.pdf>
Package pdftex.def Info: Matlab_Figures/y2_dataset1_rms-eps-converted-to.pdf us
ed on input line 1210.
(pdftex.def)             Requested size: 217.6621pt x 175.37442pt.
Package epstopdf Info: Source file: <Matlab_Figures/y2_dataset1_rms.eps>
(epstopdf)                    date: 2015-05-22 10:30:38
(epstopdf)                    size: 44544 bytes
(epstopdf)             Output file: <Matlab_Figures/y2_dataset1_rms-eps-convert
ed-to.pdf>
(epstopdf)                    date: 2015-05-22 20:44:47
(epstopdf)                    size: 17395 bytes
(epstopdf)             Command: <repstopdf --outfile=Matlab_Figures/y2_dataset1
_rms-eps-converted-to.pdf Matlab_Figures/y2_dataset1_rms.eps>
(epstopdf)             \includegraphics on input line 1215.
Package epstopdf Info: Output file is already uptodate.
File: Matlab_Figures/y2_dataset1_rms-eps-converted-to.pdf Graphic file (type pd
f)

<use Matlab_Figures/y2_dataset1_rms-eps-converted-to.pdf>
Package pdftex.def Info: Matlab_Figures/y2_dataset1_rms-eps-converted-to.pdf us
ed on input line 1215.
(pdftex.def)             Requested size: 217.6621pt x 175.37442pt.

Overfull \hbox (2.43333pt too wide) in paragraph at lines 1209--1219
[]$[]$ $[]$ 
 []

Package epstopdf Info: Source file: <Matlab_Figures/y2_dataset1_rms.eps>
(epstopdf)                    date: 2015-05-22 10:30:38
(epstopdf)                    size: 44544 bytes
(epstopdf)             Output file: <Matlab_Figures/y2_dataset1_rms-eps-convert
ed-to.pdf>
(epstopdf)                    date: 2015-05-22 20:44:47
(epstopdf)                    size: 17395 bytes
(epstopdf)             Command: <repstopdf --outfile=Matlab_Figures/y2_dataset1
_rms-eps-converted-to.pdf Matlab_Figures/y2_dataset1_rms.eps>
(epstopdf)             \includegraphics on input line 1221.
Package epstopdf Info: Output file is already uptodate.
File: Matlab_Figures/y2_dataset1_rms-eps-converted-to.pdf Graphic file (type pd
f)
<use Matlab_Figures/y2_dataset1_rms-eps-converted-to.pdf>
Package pdftex.def Info: Matlab_Figures/y2_dataset1_rms-eps-converted-to.pdf us
ed on input line 1221.
(pdftex.def)             Requested size: 217.6621pt x 175.37442pt.
 [31]
Underfull \hbox (badness 10000) in paragraph at lines 1229--1230

 []


Underfull \hbox (badness 10000) in paragraph at lines 1254--1255

 []


Underfull \hbox (badness 10000) in paragraph at lines 1256--1259

 []

[32]
Package epstopdf Info: Source file: <Matlab_Figures/y2_dataset1_ms.eps>
(epstopdf)                    date: 2015-05-22 10:30:38
(epstopdf)                    size: 44540 bytes
(epstopdf)             Output file: <Matlab_Figures/y2_dataset1_ms-eps-converte
d-to.pdf>
(epstopdf)                    date: 2015-05-22 20:44:45
(epstopdf)                    size: 17386 bytes
(epstopdf)             Command: <repstopdf --outfile=Matlab_Figures/y2_dataset1
_ms-eps-converted-to.pdf Matlab_Figures/y2_dataset1_ms.eps>
(epstopdf)             \includegraphics on input line 1279.
Package epstopdf Info: Output file is already uptodate.
File: Matlab_Figures/y2_dataset1_ms-eps-converted-to.pdf Graphic file (type pdf
)
 <use Matlab_Figures/y2_dataset1_ms-eps-converted-to.pdf>
Package pdftex.def Info: Matlab_Figures/y2_dataset1_ms-eps-converted-to.pdf use
d on input line 1279.
(pdftex.def)             Requested size: 217.6621pt x 175.37442pt.
Package epstopdf Info: Source file: <Matlab_Figures/y2_dataset1_rms.eps>
(epstopdf)                    date: 2015-05-22 10:30:38
(epstopdf)                    size: 44544 bytes
(epstopdf)             Output file: <Matlab_Figures/y2_dataset1_rms-eps-convert
ed-to.pdf>
(epstopdf)                    date: 2015-05-22 20:44:47
(epstopdf)                    size: 17395 bytes
(epstopdf)             Command: <repstopdf --outfile=Matlab_Figures/y2_dataset1
_rms-eps-converted-to.pdf Matlab_Figures/y2_dataset1_rms.eps>
(epstopdf)             \includegraphics on input line 1284.
Package epstopdf Info: Output file is already uptodate.
File: Matlab_Figures/y2_dataset1_rms-eps-converted-to.pdf Graphic file (type pd
f)

<use Matlab_Figures/y2_dataset1_rms-eps-converted-to.pdf>
Package pdftex.def Info: Matlab_Figures/y2_dataset1_rms-eps-converted-to.pdf us
ed on input line 1284.
(pdftex.def)             Requested size: 217.6621pt x 175.37442pt.

Overfull \hbox (2.43333pt too wide) in paragraph at lines 1278--1288
[]$[]$ $[]$ 
 []

[33] [34]
Package atveryend Info: Empty hook `BeforeClearDocument' on input line 1324.
Package atveryend Info: Empty hook `AfterLastShipout' on input line 1324.
 (./LAB.aux)
Package atveryend Info: Executing hook `AtVeryEndDocument' on input line 1324.
Package atveryend Info: Executing hook `AtEndAfterFileList' on input line 1324.

Package rerunfilecheck Info: File `LAB.out' has not changed.
(rerunfilecheck)             Checksum: 7025FC940C9CDE2F116DAC53A9DDFCCD;1192.


LaTeX Warning: There were multiply-defined labels.

Package atveryend Info: Empty hook `AtVeryVeryEnd' on input line 1324.
 ) 
Here is how much of TeX's memory you used:
 23062 strings out of 493117
 416399 string characters out of 6135433
 616518 words of memory out of 5000000
 25547 multiletter control sequences out of 15000+600000
 17957 words of font info for 93 fonts, out of 8000000 for 9000
 1141 hyphenation exceptions out of 8191
 62i,10n,92p,1076b,1831s stack positions out of 5000i,500n,10000p,200000b,80000s
{/usr/local/texlive/2014/texmf-dist/fonts/enc/dvips/base/8r.enc}</usr/local/t
exlive/2014/texmf-dist/fonts/type1/public/amsfonts/cm/cmbx10.pfb></usr/local/te
xlive/2014/texmf-dist/fonts/type1/public/amsfonts/cm/cmbx12.pfb></usr/local/tex
live/2014/texmf-dist/fonts/type1/public/amsfonts/cm/cmbx8.pfb></usr/local/texli
ve/2014/texmf-dist/fonts/type1/public/amsfonts/cm/cmex10.pfb></usr/local/texliv
e/2014/texmf-dist/fonts/type1/public/amsfonts/cm/cmmi10.pfb></usr/local/texlive
/2014/texmf-dist/fonts/type1/public/amsfonts/cm/cmmi6.pfb></usr/local/texlive/2
014/texmf-dist/fonts/type1/public/amsfonts/cm/cmmi8.pfb></usr/local/texlive/201
4/texmf-dist/fonts/type1/public/amsfonts/cm/cmmi9.pfb></usr/local/texlive/2014/
texmf-dist/fonts/type1/public/amsfonts/cm/cmr10.pfb></usr/local/texlive/2014/te
xmf-dist/fonts/type1/public/amsfonts/cm/cmr6.pfb></usr/local/texlive/2014/texmf
-dist/fonts/type1/public/amsfonts/cm/cmr8.pfb></usr/local/texlive/2014/texmf-di
st/fonts/type1/public/amsfonts/cm/cmsy10.pfb></usr/local/texlive/2014/texmf-dis
t/fonts/type1/public/amsfonts/cm/cmsy6.pfb></usr/local/texlive/2014/texmf-dist/
fonts/type1/public/amsfonts/cm/cmsy8.pfb></usr/local/texlive/2014/texmf-dist/fo
nts/type1/public/amsfonts/cm/cmsy9.pfb></usr/local/texlive/2014/texmf-dist/font
s/type1/urw/courier/ucrr8a.pfb></usr/local/texlive/2014/texmf-dist/fonts/type1/
urw/times/utmr8a.pfb>
Output written on LAB.pdf (34 pages, 736688 bytes).
PDF statistics:
 993 PDF objects out of 1000 (max. 8388607)
 858 compressed objects within 9 object streams
 423 named destinations out of 1000 (max. 500000)
 15696 words of extra memory for PDF output out of 17280 (max. 10000000)

